<?xml version="1.0" encoding="UTF-8"?>
<robot generator="Robot 6.0.2 (Python 3.8.16 on win32)" generated="20230724 22:14:27.107" rpa="false" schemaversion="3">
<suite id="s1" name="7 User-Keywords" source="D:\robot-framework\Tests\7_user-keywords.robot">
<test id="s1-t1" name="TestCasePositive" line="10">
<kw name="LaunchBrowser" library="resources">
<var>${app_title}</var>
<arg>${url}</arg>
<arg>${browser}</arg>
<kw name="Open Browser" library="SeleniumLibrary">
<arg>${arg_url}</arg>
<arg>${arg_browser}</arg>
<doc>Opens a new browser instance to the optional ``url``.</doc>
<msg timestamp="20230724 22:14:27.425" level="INFO">Opening browser 'chrome' to base url 'https://practicetestautomation.com/practice-test-login/'.</msg>
<status status="PASS" starttime="20230724 22:14:27.424" endtime="20230724 22:14:30.772"/>
</kw>
<kw name="Maximize Browser Window" library="SeleniumLibrary">
<doc>Maximizes current browser window.</doc>
<status status="PASS" starttime="20230724 22:14:30.772" endtime="20230724 22:14:30.896"/>
</kw>
<kw name="Get Title" library="SeleniumLibrary">
<var>${title}</var>
<doc>Returns the title of the current page.</doc>
<msg timestamp="20230724 22:14:30.903" level="INFO">${title} = Test Login | Practice Test Automation</msg>
<status status="PASS" starttime="20230724 22:14:30.896" endtime="20230724 22:14:30.903"/>
</kw>
<msg timestamp="20230724 22:14:30.904" level="INFO">${app_title} = Test Login | Practice Test Automation</msg>
<status status="PASS" starttime="20230724 22:14:27.424" endtime="20230724 22:14:30.904"/>
</kw>
<kw name="Log To Console" library="BuiltIn">
<arg>${app_title}</arg>
<doc>Logs the given message to the console.</doc>
<status status="PASS" starttime="20230724 22:14:30.904" endtime="20230724 22:14:30.905"/>
</kw>
<kw name="Log" library="BuiltIn">
<arg>${app_title}</arg>
<doc>Logs the given message with the given level.</doc>
<msg timestamp="20230724 22:14:30.906" level="INFO">Test Login | Practice Test Automation</msg>
<status status="PASS" starttime="20230724 22:14:30.906" endtime="20230724 22:14:30.906"/>
</kw>
<kw name="Input Text" library="SeleniumLibrary">
<arg>xpath: //input[@id='username']</arg>
<arg>student</arg>
<doc>Types the given ``text`` into the text field identified by ``locator``.</doc>
<msg timestamp="20230724 22:14:30.907" level="INFO">Typing text 'student' into text field 'xpath: //input[@id='username']'.</msg>
<status status="PASS" starttime="20230724 22:14:30.906" endtime="20230724 22:14:31.021"/>
</kw>
<kw name="Sleep" library="BuiltIn">
<arg>1</arg>
<doc>Pauses the test executed for the given time.</doc>
<msg timestamp="20230724 22:14:32.033" level="INFO">Slept 1 second</msg>
<status status="PASS" starttime="20230724 22:14:31.022" endtime="20230724 22:14:32.033"/>
</kw>
<kw name="Input Text" library="SeleniumLibrary">
<arg>xpath: //input[@id='password']</arg>
<arg>Password123</arg>
<doc>Types the given ``text`` into the text field identified by ``locator``.</doc>
<msg timestamp="20230724 22:14:32.035" level="INFO">Typing text 'Password123' into text field 'xpath: //input[@id='password']'.</msg>
<status status="PASS" starttime="20230724 22:14:32.034" endtime="20230724 22:14:32.133"/>
</kw>
<kw name="Sleep" library="BuiltIn">
<arg>1</arg>
<doc>Pauses the test executed for the given time.</doc>
<msg timestamp="20230724 22:14:33.138" level="INFO">Slept 1 second</msg>
<status status="PASS" starttime="20230724 22:14:32.133" endtime="20230724 22:14:33.138"/>
</kw>
<kw name="Click Button" library="SeleniumLibrary">
<arg>xpath://button[@id='submit']</arg>
<doc>Clicks the button identified by ``locator``.</doc>
<msg timestamp="20230724 22:14:33.139" level="INFO">Clicking button 'xpath://button[@id='submit']'.</msg>
<status status="PASS" starttime="20230724 22:14:33.139" endtime="20230724 22:14:36.025"/>
</kw>
<kw name="Sleep" library="BuiltIn">
<arg>1</arg>
<doc>Pauses the test executed for the given time.</doc>
<msg timestamp="20230724 22:14:37.038" level="INFO">Slept 1 second</msg>
<status status="PASS" starttime="20230724 22:14:36.026" endtime="20230724 22:14:37.038"/>
</kw>
<status status="PASS" starttime="20230724 22:14:27.422" endtime="20230724 22:14:37.039"/>
</test>
<status status="PASS" starttime="20230724 22:14:27.109" endtime="20230724 22:14:37.041"/>
</suite>
<statistics>
<total>
<stat pass="1" fail="0" skip="0">All Tests</stat>
</total>
<tag>
</tag>
<suite>
<stat pass="1" fail="0" skip="0" id="s1" name="7 User-Keywords">7 User-Keywords</stat>
</suite>
</statistics>
<errors>
</errors>
</robot>
