<?xml version="1.0" encoding="UTF-8"?>
<robot generator="Robot 6.0.2 (Python 3.8.16 on win32)" generated="20230725 06:12:38.876" rpa="false" schemaversion="3">
<suite id="s1" name="10 Get-All-Links" source="D:\robot-framework\Tests\10_get-all-links.robot">
<test id="s1-t1" name="GetAllLinksTest" line="5">
<kw name="Open Browser" library="SeleniumLibrary">
<arg>https://www.nationsonline.org/oneworld/countries_of_the_world.htm</arg>
<arg>chrome</arg>
<doc>Opens a new browser instance to the optional ``url``.</doc>
<msg timestamp="20230725 06:12:39.191" level="INFO">Opening browser 'chrome' to base url 'https://www.nationsonline.org/oneworld/countries_of_the_world.htm'.</msg>
<status status="PASS" starttime="20230725 06:12:39.190" endtime="20230725 06:12:41.497"/>
</kw>
<kw name="Maximize Browser Window" library="SeleniumLibrary">
<doc>Maximizes current browser window.</doc>
<status status="PASS" starttime="20230725 06:12:41.497" endtime="20230725 06:12:41.624"/>
</kw>
<kw name="Get Element Count" library="SeleniumLibrary">
<var>${num_of_links}</var>
<arg>xpath://a</arg>
<doc>Returns the number of elements matching ``locator``.</doc>
<msg timestamp="20230725 06:12:41.737" level="INFO">${num_of_links} = 332</msg>
<status status="PASS" starttime="20230725 06:12:41.625" endtime="20230725 06:12:41.737"/>
</kw>
<kw name="Log To Console" library="BuiltIn">
<arg>${num_of_links}</arg>
<doc>Logs the given message to the console.</doc>
<status status="PASS" starttime="20230725 06:12:41.737" endtime="20230725 06:12:41.738"/>
</kw>
<for flavor="IN RANGE">
<var>${i}</var>
<value>1</value>
<value>${num_of_links}</value>
<iter>
<var name="${i}">1</var>
<kw name="Get Text" library="SeleniumLibrary">
<var>${link_text}</var>
<arg>xpath:(//a)[${i}]</arg>
<doc>Returns the text value of the element identified by ``locator``.</doc>
<msg timestamp="20230725 06:12:41.772" level="INFO">${link_text} = Got it!</msg>
<status status="PASS" starttime="20230725 06:12:41.739" endtime="20230725 06:12:41.772"/>
</kw>
<kw name="Log To Console" library="BuiltIn">
<arg>${link_text}</arg>
<doc>Logs the given message to the console.</doc>
<status status="PASS" starttime="20230725 06:12:41.772" endtime="20230725 06:12:41.773"/>
</kw>
<status status="PASS" starttime="20230725 06:12:41.739" endtime="20230725 06:12:41.773"/>
</iter>
<iter>
<var name="${i}">2</var>
<kw name="Get Text" library="SeleniumLibrary">
<var>${link_text}</var>
<arg>xpath:(//a)[${i}]</arg>
<doc>Returns the text value of the element identified by ``locator``.</doc>
<msg timestamp="20230725 06:12:41.801" level="INFO">${link_text} = More info</msg>
<status status="PASS" starttime="20230725 06:12:41.774" endtime="20230725 06:12:41.801"/>
</kw>
<kw name="Log To Console" library="BuiltIn">
<arg>${link_text}</arg>
<doc>Logs the given message to the console.</doc>
<status status="PASS" starttime="20230725 06:12:41.802" endtime="20230725 06:12:41.803"/>
</kw>
<status status="PASS" starttime="20230725 06:12:41.773" endtime="20230725 06:12:41.803"/>
</iter>
<iter>
<var name="${i}">3</var>
<kw name="Get Text" library="SeleniumLibrary">
<var>${link_text}</var>
<arg>xpath:(//a)[${i}]</arg>
<doc>Returns the text value of the element identified by ``locator``.</doc>
<msg timestamp="20230725 06:12:41.822" level="INFO">${link_text} = </msg>
<status status="PASS" starttime="20230725 06:12:41.804" endtime="20230725 06:12:41.822"/>
</kw>
<kw name="Log To Console" library="BuiltIn">
<arg>${link_text}</arg>
<doc>Logs the given message to the console.</doc>
<status status="PASS" starttime="20230725 06:12:41.822" endtime="20230725 06:12:41.822"/>
</kw>
<status status="PASS" starttime="20230725 06:12:41.803" endtime="20230725 06:12:41.822"/>
</iter>
<iter>
<var name="${i}">4</var>
<kw name="Get Text" library="SeleniumLibrary">
<var>${link_text}</var>
<arg>xpath:(//a)[${i}]</arg>
<doc>Returns the text value of the element identified by ``locator``.</doc>
<msg timestamp="20230725 06:12:41.840" level="INFO">${link_text} = </msg>
<status status="PASS" starttime="20230725 06:12:41.822" endtime="20230725 06:12:41.840"/>
</kw>
<kw name="Log To Console" library="BuiltIn">
<arg>${link_text}</arg>
<doc>Logs the given message to the console.</doc>
<status status="PASS" starttime="20230725 06:12:41.840" endtime="20230725 06:12:41.841"/>
</kw>
<status status="PASS" starttime="20230725 06:12:41.822" endtime="20230725 06:12:41.841"/>
</iter>
<iter>
<var name="${i}">5</var>
<kw name="Get Text" library="SeleniumLibrary">
<var>${link_text}</var>
<arg>xpath:(//a)[${i}]</arg>
<doc>Returns the text value of the element identified by ``locator``.</doc>
<msg timestamp="20230725 06:12:41.862" level="INFO">${link_text} = </msg>
<status status="PASS" starttime="20230725 06:12:41.841" endtime="20230725 06:12:41.862"/>
</kw>
<kw name="Log To Console" library="BuiltIn">
<arg>${link_text}</arg>
<doc>Logs the given message to the console.</doc>
<status status="PASS" starttime="20230725 06:12:41.862" endtime="20230725 06:12:41.863"/>
</kw>
<status status="PASS" starttime="20230725 06:12:41.841" endtime="20230725 06:12:41.863"/>
</iter>
<iter>
<var name="${i}">6</var>
<kw name="Get Text" library="SeleniumLibrary">
<var>${link_text}</var>
<arg>xpath:(//a)[${i}]</arg>
<doc>Returns the text value of the element identified by ``locator``.</doc>
<msg timestamp="20230725 06:12:41.883" level="INFO">${link_text} = </msg>
<status status="PASS" starttime="20230725 06:12:41.863" endtime="20230725 06:12:41.884"/>
</kw>
<kw name="Log To Console" library="BuiltIn">
<arg>${link_text}</arg>
<doc>Logs the given message to the console.</doc>
<status status="PASS" starttime="20230725 06:12:41.884" endtime="20230725 06:12:41.884"/>
</kw>
<status status="PASS" starttime="20230725 06:12:41.863" endtime="20230725 06:12:41.884"/>
</iter>
<iter>
<var name="${i}">7</var>
<kw name="Get Text" library="SeleniumLibrary">
<var>${link_text}</var>
<arg>xpath:(//a)[${i}]</arg>
<doc>Returns the text value of the element identified by ``locator``.</doc>
<msg timestamp="20230725 06:12:41.905" level="INFO">${link_text} = </msg>
<status status="PASS" starttime="20230725 06:12:41.884" endtime="20230725 06:12:41.905"/>
</kw>
<kw name="Log To Console" library="BuiltIn">
<arg>${link_text}</arg>
<doc>Logs the given message to the console.</doc>
<status status="PASS" starttime="20230725 06:12:41.906" endtime="20230725 06:12:41.906"/>
</kw>
<status status="PASS" starttime="20230725 06:12:41.884" endtime="20230725 06:12:41.906"/>
</iter>
<iter>
<var name="${i}">8</var>
<kw name="Get Text" library="SeleniumLibrary">
<var>${link_text}</var>
<arg>xpath:(//a)[${i}]</arg>
<doc>Returns the text value of the element identified by ``locator``.</doc>
<msg timestamp="20230725 06:12:41.928" level="INFO">${link_text} = </msg>
<status status="PASS" starttime="20230725 06:12:41.906" endtime="20230725 06:12:41.928"/>
</kw>
<kw name="Log To Console" library="BuiltIn">
<arg>${link_text}</arg>
<doc>Logs the given message to the console.</doc>
<status status="PASS" starttime="20230725 06:12:41.928" endtime="20230725 06:12:41.929"/>
</kw>
<status status="PASS" starttime="20230725 06:12:41.906" endtime="20230725 06:12:41.929"/>
</iter>
<iter>
<var name="${i}">9</var>
<kw name="Get Text" library="SeleniumLibrary">
<var>${link_text}</var>
<arg>xpath:(//a)[${i}]</arg>
<doc>Returns the text value of the element identified by ``locator``.</doc>
<msg timestamp="20230725 06:12:41.951" level="INFO">${link_text} = </msg>
<status status="PASS" starttime="20230725 06:12:41.929" endtime="20230725 06:12:41.951"/>
</kw>
<kw name="Log To Console" library="BuiltIn">
<arg>${link_text}</arg>
<doc>Logs the given message to the console.</doc>
<status status="PASS" starttime="20230725 06:12:41.951" endtime="20230725 06:12:41.951"/>
</kw>
<status status="PASS" starttime="20230725 06:12:41.929" endtime="20230725 06:12:41.951"/>
</iter>
<iter>
<var name="${i}">10</var>
<kw name="Get Text" library="SeleniumLibrary">
<var>${link_text}</var>
<arg>xpath:(//a)[${i}]</arg>
<doc>Returns the text value of the element identified by ``locator``.</doc>
<msg timestamp="20230725 06:12:41.973" level="INFO">${link_text} = </msg>
<status status="PASS" starttime="20230725 06:12:41.951" endtime="20230725 06:12:41.973"/>
</kw>
<kw name="Log To Console" library="BuiltIn">
<arg>${link_text}</arg>
<doc>Logs the given message to the console.</doc>
<status status="PASS" starttime="20230725 06:12:41.973" endtime="20230725 06:12:41.974"/>
</kw>
<status status="PASS" starttime="20230725 06:12:41.951" endtime="20230725 06:12:41.974"/>
</iter>
<iter>
<var name="${i}">11</var>
<kw name="Get Text" library="SeleniumLibrary">
<var>${link_text}</var>
<arg>xpath:(//a)[${i}]</arg>
<doc>Returns the text value of the element identified by ``locator``.</doc>
<msg timestamp="20230725 06:12:41.995" level="INFO">${link_text} = </msg>
<status status="PASS" starttime="20230725 06:12:41.974" endtime="20230725 06:12:41.995"/>
</kw>
<kw name="Log To Console" library="BuiltIn">
<arg>${link_text}</arg>
<doc>Logs the given message to the console.</doc>
<status status="PASS" starttime="20230725 06:12:41.995" endtime="20230725 06:12:41.996"/>
</kw>
<status status="PASS" starttime="20230725 06:12:41.974" endtime="20230725 06:12:41.996"/>
</iter>
<iter>
<var name="${i}">12</var>
<kw name="Get Text" library="SeleniumLibrary">
<var>${link_text}</var>
<arg>xpath:(//a)[${i}]</arg>
<doc>Returns the text value of the element identified by ``locator``.</doc>
<msg timestamp="20230725 06:12:42.017" level="INFO">${link_text} = </msg>
<status status="PASS" starttime="20230725 06:12:41.996" endtime="20230725 06:12:42.017"/>
</kw>
<kw name="Log To Console" library="BuiltIn">
<arg>${link_text}</arg>
<doc>Logs the given message to the console.</doc>
<status status="PASS" starttime="20230725 06:12:42.017" endtime="20230725 06:12:42.017"/>
</kw>
<status status="PASS" starttime="20230725 06:12:41.996" endtime="20230725 06:12:42.017"/>
</iter>
<iter>
<var name="${i}">13</var>
<kw name="Get Text" library="SeleniumLibrary">
<var>${link_text}</var>
<arg>xpath:(//a)[${i}]</arg>
<doc>Returns the text value of the element identified by ``locator``.</doc>
<msg timestamp="20230725 06:12:42.039" level="INFO">${link_text} = </msg>
<status status="PASS" starttime="20230725 06:12:42.018" endtime="20230725 06:12:42.039"/>
</kw>
<kw name="Log To Console" library="BuiltIn">
<arg>${link_text}</arg>
<doc>Logs the given message to the console.</doc>
<status status="PASS" starttime="20230725 06:12:42.039" endtime="20230725 06:12:42.040"/>
</kw>
<status status="PASS" starttime="20230725 06:12:42.018" endtime="20230725 06:12:42.040"/>
</iter>
<iter>
<var name="${i}">14</var>
<kw name="Get Text" library="SeleniumLibrary">
<var>${link_text}</var>
<arg>xpath:(//a)[${i}]</arg>
<doc>Returns the text value of the element identified by ``locator``.</doc>
<msg timestamp="20230725 06:12:42.060" level="INFO">${link_text} = </msg>
<status status="PASS" starttime="20230725 06:12:42.040" endtime="20230725 06:12:42.060"/>
</kw>
<kw name="Log To Console" library="BuiltIn">
<arg>${link_text}</arg>
<doc>Logs the given message to the console.</doc>
<status status="PASS" starttime="20230725 06:12:42.061" endtime="20230725 06:12:42.061"/>
</kw>
<status status="PASS" starttime="20230725 06:12:42.040" endtime="20230725 06:12:42.062"/>
</iter>
<iter>
<var name="${i}">15</var>
<kw name="Get Text" library="SeleniumLibrary">
<var>${link_text}</var>
<arg>xpath:(//a)[${i}]</arg>
<doc>Returns the text value of the element identified by ``locator``.</doc>
<msg timestamp="20230725 06:12:42.086" level="INFO">${link_text} = </msg>
<status status="PASS" starttime="20230725 06:12:42.062" endtime="20230725 06:12:42.086"/>
</kw>
<kw name="Log To Console" library="BuiltIn">
<arg>${link_text}</arg>
<doc>Logs the given message to the console.</doc>
<status status="PASS" starttime="20230725 06:12:42.086" endtime="20230725 06:12:42.087"/>
</kw>
<status status="PASS" starttime="20230725 06:12:42.062" endtime="20230725 06:12:42.087"/>
</iter>
<iter>
<var name="${i}">16</var>
<kw name="Get Text" library="SeleniumLibrary">
<var>${link_text}</var>
<arg>xpath:(//a)[${i}]</arg>
<doc>Returns the text value of the element identified by ``locator``.</doc>
<msg timestamp="20230725 06:12:42.105" level="INFO">${link_text} = </msg>
<status status="PASS" starttime="20230725 06:12:42.087" endtime="20230725 06:12:42.105"/>
</kw>
<kw name="Log To Console" library="BuiltIn">
<arg>${link_text}</arg>
<doc>Logs the given message to the console.</doc>
<status status="PASS" starttime="20230725 06:12:42.106" endtime="20230725 06:12:42.106"/>
</kw>
<status status="PASS" starttime="20230725 06:12:42.087" endtime="20230725 06:12:42.106"/>
</iter>
<iter>
<var name="${i}">17</var>
<kw name="Get Text" library="SeleniumLibrary">
<var>${link_text}</var>
<arg>xpath:(//a)[${i}]</arg>
<doc>Returns the text value of the element identified by ``locator``.</doc>
<msg timestamp="20230725 06:12:42.127" level="INFO">${link_text} = </msg>
<status status="PASS" starttime="20230725 06:12:42.106" endtime="20230725 06:12:42.127"/>
</kw>
<kw name="Log To Console" library="BuiltIn">
<arg>${link_text}</arg>
<doc>Logs the given message to the console.</doc>
<status status="PASS" starttime="20230725 06:12:42.127" endtime="20230725 06:12:42.128"/>
</kw>
<status status="PASS" starttime="20230725 06:12:42.106" endtime="20230725 06:12:42.128"/>
</iter>
<iter>
<var name="${i}">18</var>
<kw name="Get Text" library="SeleniumLibrary">
<var>${link_text}</var>
<arg>xpath:(//a)[${i}]</arg>
<doc>Returns the text value of the element identified by ``locator``.</doc>
<msg timestamp="20230725 06:12:42.149" level="INFO">${link_text} = </msg>
<status status="PASS" starttime="20230725 06:12:42.128" endtime="20230725 06:12:42.149"/>
</kw>
<kw name="Log To Console" library="BuiltIn">
<arg>${link_text}</arg>
<doc>Logs the given message to the console.</doc>
<status status="PASS" starttime="20230725 06:12:42.149" endtime="20230725 06:12:42.149"/>
</kw>
<status status="PASS" starttime="20230725 06:12:42.128" endtime="20230725 06:12:42.149"/>
</iter>
<iter>
<var name="${i}">19</var>
<kw name="Get Text" library="SeleniumLibrary">
<var>${link_text}</var>
<arg>xpath:(//a)[${i}]</arg>
<doc>Returns the text value of the element identified by ``locator``.</doc>
<msg timestamp="20230725 06:12:42.171" level="INFO">${link_text} = </msg>
<status status="PASS" starttime="20230725 06:12:42.149" endtime="20230725 06:12:42.171"/>
</kw>
<kw name="Log To Console" library="BuiltIn">
<arg>${link_text}</arg>
<doc>Logs the given message to the console.</doc>
<status status="PASS" starttime="20230725 06:12:42.171" endtime="20230725 06:12:42.172"/>
</kw>
<status status="PASS" starttime="20230725 06:12:42.149" endtime="20230725 06:12:42.172"/>
</iter>
<iter>
<var name="${i}">20</var>
<kw name="Get Text" library="SeleniumLibrary">
<var>${link_text}</var>
<arg>xpath:(//a)[${i}]</arg>
<doc>Returns the text value of the element identified by ``locator``.</doc>
<msg timestamp="20230725 06:12:42.193" level="INFO">${link_text} = </msg>
<status status="PASS" starttime="20230725 06:12:42.172" endtime="20230725 06:12:42.193"/>
</kw>
<kw name="Log To Console" library="BuiltIn">
<arg>${link_text}</arg>
<doc>Logs the given message to the console.</doc>
<status status="PASS" starttime="20230725 06:12:42.193" endtime="20230725 06:12:42.194"/>
</kw>
<status status="PASS" starttime="20230725 06:12:42.172" endtime="20230725 06:12:42.194"/>
</iter>
<iter>
<var name="${i}">21</var>
<kw name="Get Text" library="SeleniumLibrary">
<var>${link_text}</var>
<arg>xpath:(//a)[${i}]</arg>
<doc>Returns the text value of the element identified by ``locator``.</doc>
<msg timestamp="20230725 06:12:42.215" level="INFO">${link_text} = </msg>
<status status="PASS" starttime="20230725 06:12:42.195" endtime="20230725 06:12:42.215"/>
</kw>
<kw name="Log To Console" library="BuiltIn">
<arg>${link_text}</arg>
<doc>Logs the given message to the console.</doc>
<status status="PASS" starttime="20230725 06:12:42.215" endtime="20230725 06:12:42.215"/>
</kw>
<status status="PASS" starttime="20230725 06:12:42.195" endtime="20230725 06:12:42.215"/>
</iter>
<iter>
<var name="${i}">22</var>
<kw name="Get Text" library="SeleniumLibrary">
<var>${link_text}</var>
<arg>xpath:(//a)[${i}]</arg>
<doc>Returns the text value of the element identified by ``locator``.</doc>
<msg timestamp="20230725 06:12:42.238" level="INFO">${link_text} = </msg>
<status status="PASS" starttime="20230725 06:12:42.216" endtime="20230725 06:12:42.238"/>
</kw>
<kw name="Log To Console" library="BuiltIn">
<arg>${link_text}</arg>
<doc>Logs the given message to the console.</doc>
<status status="PASS" starttime="20230725 06:12:42.239" endtime="20230725 06:12:42.239"/>
</kw>
<status status="PASS" starttime="20230725 06:12:42.216" endtime="20230725 06:12:42.239"/>
</iter>
<iter>
<var name="${i}">23</var>
<kw name="Get Text" library="SeleniumLibrary">
<var>${link_text}</var>
<arg>xpath:(//a)[${i}]</arg>
<doc>Returns the text value of the element identified by ``locator``.</doc>
<msg timestamp="20230725 06:12:42.260" level="INFO">${link_text} = </msg>
<status status="PASS" starttime="20230725 06:12:42.239" endtime="20230725 06:12:42.260"/>
</kw>
<kw name="Log To Console" library="BuiltIn">
<arg>${link_text}</arg>
<doc>Logs the given message to the console.</doc>
<status status="PASS" starttime="20230725 06:12:42.260" endtime="20230725 06:12:42.261"/>
</kw>
<status status="PASS" starttime="20230725 06:12:42.239" endtime="20230725 06:12:42.261"/>
</iter>
<iter>
<var name="${i}">24</var>
<kw name="Get Text" library="SeleniumLibrary">
<var>${link_text}</var>
<arg>xpath:(//a)[${i}]</arg>
<doc>Returns the text value of the element identified by ``locator``.</doc>
<msg timestamp="20230725 06:12:42.281" level="INFO">${link_text} = </msg>
<status status="PASS" starttime="20230725 06:12:42.262" endtime="20230725 06:12:42.281"/>
</kw>
<kw name="Log To Console" library="BuiltIn">
<arg>${link_text}</arg>
<doc>Logs the given message to the console.</doc>
<status status="PASS" starttime="20230725 06:12:42.283" endtime="20230725 06:12:42.283"/>
</kw>
<status status="PASS" starttime="20230725 06:12:42.261" endtime="20230725 06:12:42.283"/>
</iter>
<iter>
<var name="${i}">25</var>
<kw name="Get Text" library="SeleniumLibrary">
<var>${link_text}</var>
<arg>xpath:(//a)[${i}]</arg>
<doc>Returns the text value of the element identified by ``locator``.</doc>
<msg timestamp="20230725 06:12:42.305" level="INFO">${link_text} = </msg>
<status status="PASS" starttime="20230725 06:12:42.283" endtime="20230725 06:12:42.305"/>
</kw>
<kw name="Log To Console" library="BuiltIn">
<arg>${link_text}</arg>
<doc>Logs the given message to the console.</doc>
<status status="PASS" starttime="20230725 06:12:42.305" endtime="20230725 06:12:42.305"/>
</kw>
<status status="PASS" starttime="20230725 06:12:42.283" endtime="20230725 06:12:42.305"/>
</iter>
<iter>
<var name="${i}">26</var>
<kw name="Get Text" library="SeleniumLibrary">
<var>${link_text}</var>
<arg>xpath:(//a)[${i}]</arg>
<doc>Returns the text value of the element identified by ``locator``.</doc>
<msg timestamp="20230725 06:12:42.326" level="INFO">${link_text} = </msg>
<status status="PASS" starttime="20230725 06:12:42.305" endtime="20230725 06:12:42.326"/>
</kw>
<kw name="Log To Console" library="BuiltIn">
<arg>${link_text}</arg>
<doc>Logs the given message to the console.</doc>
<status status="PASS" starttime="20230725 06:12:42.327" endtime="20230725 06:12:42.327"/>
</kw>
<status status="PASS" starttime="20230725 06:12:42.305" endtime="20230725 06:12:42.327"/>
</iter>
<iter>
<var name="${i}">27</var>
<kw name="Get Text" library="SeleniumLibrary">
<var>${link_text}</var>
<arg>xpath:(//a)[${i}]</arg>
<doc>Returns the text value of the element identified by ``locator``.</doc>
<msg timestamp="20230725 06:12:42.349" level="INFO">${link_text} = </msg>
<status status="PASS" starttime="20230725 06:12:42.327" endtime="20230725 06:12:42.349"/>
</kw>
<kw name="Log To Console" library="BuiltIn">
<arg>${link_text}</arg>
<doc>Logs the given message to the console.</doc>
<status status="PASS" starttime="20230725 06:12:42.349" endtime="20230725 06:12:42.349"/>
</kw>
<status status="PASS" starttime="20230725 06:12:42.327" endtime="20230725 06:12:42.349"/>
</iter>
<iter>
<var name="${i}">28</var>
<kw name="Get Text" library="SeleniumLibrary">
<var>${link_text}</var>
<arg>xpath:(//a)[${i}]</arg>
<doc>Returns the text value of the element identified by ``locator``.</doc>
<msg timestamp="20230725 06:12:42.371" level="INFO">${link_text} = </msg>
<status status="PASS" starttime="20230725 06:12:42.349" endtime="20230725 06:12:42.371"/>
</kw>
<kw name="Log To Console" library="BuiltIn">
<arg>${link_text}</arg>
<doc>Logs the given message to the console.</doc>
<status status="PASS" starttime="20230725 06:12:42.371" endtime="20230725 06:12:42.371"/>
</kw>
<status status="PASS" starttime="20230725 06:12:42.349" endtime="20230725 06:12:42.372"/>
</iter>
<iter>
<var name="${i}">29</var>
<kw name="Get Text" library="SeleniumLibrary">
<var>${link_text}</var>
<arg>xpath:(//a)[${i}]</arg>
<doc>Returns the text value of the element identified by ``locator``.</doc>
<msg timestamp="20230725 06:12:42.400" level="INFO">${link_text} = </msg>
<status status="PASS" starttime="20230725 06:12:42.372" endtime="20230725 06:12:42.400"/>
</kw>
<kw name="Log To Console" library="BuiltIn">
<arg>${link_text}</arg>
<doc>Logs the given message to the console.</doc>
<status status="PASS" starttime="20230725 06:12:42.400" endtime="20230725 06:12:42.400"/>
</kw>
<status status="PASS" starttime="20230725 06:12:42.372" endtime="20230725 06:12:42.400"/>
</iter>
<iter>
<var name="${i}">30</var>
<kw name="Get Text" library="SeleniumLibrary">
<var>${link_text}</var>
<arg>xpath:(//a)[${i}]</arg>
<doc>Returns the text value of the element identified by ``locator``.</doc>
<msg timestamp="20230725 06:12:42.422" level="INFO">${link_text} = </msg>
<status status="PASS" starttime="20230725 06:12:42.400" endtime="20230725 06:12:42.422"/>
</kw>
<kw name="Log To Console" library="BuiltIn">
<arg>${link_text}</arg>
<doc>Logs the given message to the console.</doc>
<status status="PASS" starttime="20230725 06:12:42.422" endtime="20230725 06:12:42.423"/>
</kw>
<status status="PASS" starttime="20230725 06:12:42.400" endtime="20230725 06:12:42.423"/>
</iter>
<iter>
<var name="${i}">31</var>
<kw name="Get Text" library="SeleniumLibrary">
<var>${link_text}</var>
<arg>xpath:(//a)[${i}]</arg>
<doc>Returns the text value of the element identified by ``locator``.</doc>
<msg timestamp="20230725 06:12:42.444" level="INFO">${link_text} = </msg>
<status status="PASS" starttime="20230725 06:12:42.423" endtime="20230725 06:12:42.444"/>
</kw>
<kw name="Log To Console" library="BuiltIn">
<arg>${link_text}</arg>
<doc>Logs the given message to the console.</doc>
<status status="PASS" starttime="20230725 06:12:42.444" endtime="20230725 06:12:42.445"/>
</kw>
<status status="PASS" starttime="20230725 06:12:42.423" endtime="20230725 06:12:42.445"/>
</iter>
<iter>
<var name="${i}">32</var>
<kw name="Get Text" library="SeleniumLibrary">
<var>${link_text}</var>
<arg>xpath:(//a)[${i}]</arg>
<doc>Returns the text value of the element identified by ``locator``.</doc>
<msg timestamp="20230725 06:12:42.473" level="INFO">${link_text} = </msg>
<status status="PASS" starttime="20230725 06:12:42.445" endtime="20230725 06:12:42.473"/>
</kw>
<kw name="Log To Console" library="BuiltIn">
<arg>${link_text}</arg>
<doc>Logs the given message to the console.</doc>
<status status="PASS" starttime="20230725 06:12:42.473" endtime="20230725 06:12:42.473"/>
</kw>
<status status="PASS" starttime="20230725 06:12:42.445" endtime="20230725 06:12:42.473"/>
</iter>
<iter>
<var name="${i}">33</var>
<kw name="Get Text" library="SeleniumLibrary">
<var>${link_text}</var>
<arg>xpath:(//a)[${i}]</arg>
<doc>Returns the text value of the element identified by ``locator``.</doc>
<msg timestamp="20230725 06:12:42.495" level="INFO">${link_text} = </msg>
<status status="PASS" starttime="20230725 06:12:42.474" endtime="20230725 06:12:42.495"/>
</kw>
<kw name="Log To Console" library="BuiltIn">
<arg>${link_text}</arg>
<doc>Logs the given message to the console.</doc>
<status status="PASS" starttime="20230725 06:12:42.495" endtime="20230725 06:12:42.496"/>
</kw>
<status status="PASS" starttime="20230725 06:12:42.474" endtime="20230725 06:12:42.496"/>
</iter>
<iter>
<var name="${i}">34</var>
<kw name="Get Text" library="SeleniumLibrary">
<var>${link_text}</var>
<arg>xpath:(//a)[${i}]</arg>
<doc>Returns the text value of the element identified by ``locator``.</doc>
<msg timestamp="20230725 06:12:42.517" level="INFO">${link_text} = </msg>
<status status="PASS" starttime="20230725 06:12:42.496" endtime="20230725 06:12:42.517"/>
</kw>
<kw name="Log To Console" library="BuiltIn">
<arg>${link_text}</arg>
<doc>Logs the given message to the console.</doc>
<status status="PASS" starttime="20230725 06:12:42.517" endtime="20230725 06:12:42.518"/>
</kw>
<status status="PASS" starttime="20230725 06:12:42.496" endtime="20230725 06:12:42.518"/>
</iter>
<iter>
<var name="${i}">35</var>
<kw name="Get Text" library="SeleniumLibrary">
<var>${link_text}</var>
<arg>xpath:(//a)[${i}]</arg>
<doc>Returns the text value of the element identified by ``locator``.</doc>
<msg timestamp="20230725 06:12:42.539" level="INFO">${link_text} = </msg>
<status status="PASS" starttime="20230725 06:12:42.518" endtime="20230725 06:12:42.539"/>
</kw>
<kw name="Log To Console" library="BuiltIn">
<arg>${link_text}</arg>
<doc>Logs the given message to the console.</doc>
<status status="PASS" starttime="20230725 06:12:42.539" endtime="20230725 06:12:42.541"/>
</kw>
<status status="PASS" starttime="20230725 06:12:42.518" endtime="20230725 06:12:42.541"/>
</iter>
<iter>
<var name="${i}">36</var>
<kw name="Get Text" library="SeleniumLibrary">
<var>${link_text}</var>
<arg>xpath:(//a)[${i}]</arg>
<doc>Returns the text value of the element identified by ``locator``.</doc>
<msg timestamp="20230725 06:12:42.562" level="INFO">${link_text} = </msg>
<status status="PASS" starttime="20230725 06:12:42.541" endtime="20230725 06:12:42.562"/>
</kw>
<kw name="Log To Console" library="BuiltIn">
<arg>${link_text}</arg>
<doc>Logs the given message to the console.</doc>
<status status="PASS" starttime="20230725 06:12:42.562" endtime="20230725 06:12:42.562"/>
</kw>
<status status="PASS" starttime="20230725 06:12:42.541" endtime="20230725 06:12:42.562"/>
</iter>
<iter>
<var name="${i}">37</var>
<kw name="Get Text" library="SeleniumLibrary">
<var>${link_text}</var>
<arg>xpath:(//a)[${i}]</arg>
<doc>Returns the text value of the element identified by ``locator``.</doc>
<msg timestamp="20230725 06:12:42.584" level="INFO">${link_text} = </msg>
<status status="PASS" starttime="20230725 06:12:42.563" endtime="20230725 06:12:42.584"/>
</kw>
<kw name="Log To Console" library="BuiltIn">
<arg>${link_text}</arg>
<doc>Logs the given message to the console.</doc>
<status status="PASS" starttime="20230725 06:12:42.584" endtime="20230725 06:12:42.585"/>
</kw>
<status status="PASS" starttime="20230725 06:12:42.563" endtime="20230725 06:12:42.585"/>
</iter>
<iter>
<var name="${i}">38</var>
<kw name="Get Text" library="SeleniumLibrary">
<var>${link_text}</var>
<arg>xpath:(//a)[${i}]</arg>
<doc>Returns the text value of the element identified by ``locator``.</doc>
<msg timestamp="20230725 06:12:42.607" level="INFO">${link_text} = </msg>
<status status="PASS" starttime="20230725 06:12:42.585" endtime="20230725 06:12:42.607"/>
</kw>
<kw name="Log To Console" library="BuiltIn">
<arg>${link_text}</arg>
<doc>Logs the given message to the console.</doc>
<status status="PASS" starttime="20230725 06:12:42.607" endtime="20230725 06:12:42.607"/>
</kw>
<status status="PASS" starttime="20230725 06:12:42.585" endtime="20230725 06:12:42.607"/>
</iter>
<iter>
<var name="${i}">39</var>
<kw name="Get Text" library="SeleniumLibrary">
<var>${link_text}</var>
<arg>xpath:(//a)[${i}]</arg>
<doc>Returns the text value of the element identified by ``locator``.</doc>
<msg timestamp="20230725 06:12:42.629" level="INFO">${link_text} = </msg>
<status status="PASS" starttime="20230725 06:12:42.607" endtime="20230725 06:12:42.629"/>
</kw>
<kw name="Log To Console" library="BuiltIn">
<arg>${link_text}</arg>
<doc>Logs the given message to the console.</doc>
<status status="PASS" starttime="20230725 06:12:42.629" endtime="20230725 06:12:42.629"/>
</kw>
<status status="PASS" starttime="20230725 06:12:42.607" endtime="20230725 06:12:42.629"/>
</iter>
<iter>
<var name="${i}">40</var>
<kw name="Get Text" library="SeleniumLibrary">
<var>${link_text}</var>
<arg>xpath:(//a)[${i}]</arg>
<doc>Returns the text value of the element identified by ``locator``.</doc>
<msg timestamp="20230725 06:12:42.650" level="INFO">${link_text} = </msg>
<status status="PASS" starttime="20230725 06:12:42.630" endtime="20230725 06:12:42.650"/>
</kw>
<kw name="Log To Console" library="BuiltIn">
<arg>${link_text}</arg>
<doc>Logs the given message to the console.</doc>
<status status="PASS" starttime="20230725 06:12:42.650" endtime="20230725 06:12:42.651"/>
</kw>
<status status="PASS" starttime="20230725 06:12:42.629" endtime="20230725 06:12:42.651"/>
</iter>
<iter>
<var name="${i}">41</var>
<kw name="Get Text" library="SeleniumLibrary">
<var>${link_text}</var>
<arg>xpath:(//a)[${i}]</arg>
<doc>Returns the text value of the element identified by ``locator``.</doc>
<msg timestamp="20230725 06:12:42.672" level="INFO">${link_text} = </msg>
<status status="PASS" starttime="20230725 06:12:42.651" endtime="20230725 06:12:42.672"/>
</kw>
<kw name="Log To Console" library="BuiltIn">
<arg>${link_text}</arg>
<doc>Logs the given message to the console.</doc>
<status status="PASS" starttime="20230725 06:12:42.672" endtime="20230725 06:12:42.673"/>
</kw>
<status status="PASS" starttime="20230725 06:12:42.651" endtime="20230725 06:12:42.673"/>
</iter>
<iter>
<var name="${i}">42</var>
<kw name="Get Text" library="SeleniumLibrary">
<var>${link_text}</var>
<arg>xpath:(//a)[${i}]</arg>
<doc>Returns the text value of the element identified by ``locator``.</doc>
<msg timestamp="20230725 06:12:42.692" level="INFO">${link_text} = </msg>
<status status="PASS" starttime="20230725 06:12:42.673" endtime="20230725 06:12:42.692"/>
</kw>
<kw name="Log To Console" library="BuiltIn">
<arg>${link_text}</arg>
<doc>Logs the given message to the console.</doc>
<status status="PASS" starttime="20230725 06:12:42.692" endtime="20230725 06:12:42.692"/>
</kw>
<status status="PASS" starttime="20230725 06:12:42.673" endtime="20230725 06:12:42.692"/>
</iter>
<iter>
<var name="${i}">43</var>
<kw name="Get Text" library="SeleniumLibrary">
<var>${link_text}</var>
<arg>xpath:(//a)[${i}]</arg>
<doc>Returns the text value of the element identified by ``locator``.</doc>
<msg timestamp="20230725 06:12:42.714" level="INFO">${link_text} = </msg>
<status status="PASS" starttime="20230725 06:12:42.693" endtime="20230725 06:12:42.714"/>
</kw>
<kw name="Log To Console" library="BuiltIn">
<arg>${link_text}</arg>
<doc>Logs the given message to the console.</doc>
<status status="PASS" starttime="20230725 06:12:42.714" endtime="20230725 06:12:42.715"/>
</kw>
<status status="PASS" starttime="20230725 06:12:42.692" endtime="20230725 06:12:42.715"/>
</iter>
<iter>
<var name="${i}">44</var>
<kw name="Get Text" library="SeleniumLibrary">
<var>${link_text}</var>
<arg>xpath:(//a)[${i}]</arg>
<doc>Returns the text value of the element identified by ``locator``.</doc>
<msg timestamp="20230725 06:12:42.735" level="INFO">${link_text} = </msg>
<status status="PASS" starttime="20230725 06:12:42.715" endtime="20230725 06:12:42.735"/>
</kw>
<kw name="Log To Console" library="BuiltIn">
<arg>${link_text}</arg>
<doc>Logs the given message to the console.</doc>
<status status="PASS" starttime="20230725 06:12:42.736" endtime="20230725 06:12:42.736"/>
</kw>
<status status="PASS" starttime="20230725 06:12:42.715" endtime="20230725 06:12:42.736"/>
</iter>
<iter>
<var name="${i}">45</var>
<kw name="Get Text" library="SeleniumLibrary">
<var>${link_text}</var>
<arg>xpath:(//a)[${i}]</arg>
<doc>Returns the text value of the element identified by ``locator``.</doc>
<msg timestamp="20230725 06:12:42.757" level="INFO">${link_text} = </msg>
<status status="PASS" starttime="20230725 06:12:42.736" endtime="20230725 06:12:42.757"/>
</kw>
<kw name="Log To Console" library="BuiltIn">
<arg>${link_text}</arg>
<doc>Logs the given message to the console.</doc>
<status status="PASS" starttime="20230725 06:12:42.758" endtime="20230725 06:12:42.758"/>
</kw>
<status status="PASS" starttime="20230725 06:12:42.736" endtime="20230725 06:12:42.758"/>
</iter>
<iter>
<var name="${i}">46</var>
<kw name="Get Text" library="SeleniumLibrary">
<var>${link_text}</var>
<arg>xpath:(//a)[${i}]</arg>
<doc>Returns the text value of the element identified by ``locator``.</doc>
<msg timestamp="20230725 06:12:42.780" level="INFO">${link_text} = </msg>
<status status="PASS" starttime="20230725 06:12:42.758" endtime="20230725 06:12:42.780"/>
</kw>
<kw name="Log To Console" library="BuiltIn">
<arg>${link_text}</arg>
<doc>Logs the given message to the console.</doc>
<status status="PASS" starttime="20230725 06:12:42.780" endtime="20230725 06:12:42.781"/>
</kw>
<status status="PASS" starttime="20230725 06:12:42.758" endtime="20230725 06:12:42.781"/>
</iter>
<iter>
<var name="${i}">47</var>
<kw name="Get Text" library="SeleniumLibrary">
<var>${link_text}</var>
<arg>xpath:(//a)[${i}]</arg>
<doc>Returns the text value of the element identified by ``locator``.</doc>
<msg timestamp="20230725 06:12:42.804" level="INFO">${link_text} = </msg>
<status status="PASS" starttime="20230725 06:12:42.781" endtime="20230725 06:12:42.804"/>
</kw>
<kw name="Log To Console" library="BuiltIn">
<arg>${link_text}</arg>
<doc>Logs the given message to the console.</doc>
<status status="PASS" starttime="20230725 06:12:42.804" endtime="20230725 06:12:42.805"/>
</kw>
<status status="PASS" starttime="20230725 06:12:42.781" endtime="20230725 06:12:42.805"/>
</iter>
<iter>
<var name="${i}">48</var>
<kw name="Get Text" library="SeleniumLibrary">
<var>${link_text}</var>
<arg>xpath:(//a)[${i}]</arg>
<doc>Returns the text value of the element identified by ``locator``.</doc>
<msg timestamp="20230725 06:12:42.825" level="INFO">${link_text} = </msg>
<status status="PASS" starttime="20230725 06:12:42.805" endtime="20230725 06:12:42.825"/>
</kw>
<kw name="Log To Console" library="BuiltIn">
<arg>${link_text}</arg>
<doc>Logs the given message to the console.</doc>
<status status="PASS" starttime="20230725 06:12:42.825" endtime="20230725 06:12:42.826"/>
</kw>
<status status="PASS" starttime="20230725 06:12:42.805" endtime="20230725 06:12:42.826"/>
</iter>
<iter>
<var name="${i}">49</var>
<kw name="Get Text" library="SeleniumLibrary">
<var>${link_text}</var>
<arg>xpath:(//a)[${i}]</arg>
<doc>Returns the text value of the element identified by ``locator``.</doc>
<msg timestamp="20230725 06:12:42.848" level="INFO">${link_text} = </msg>
<status status="PASS" starttime="20230725 06:12:42.827" endtime="20230725 06:12:42.848"/>
</kw>
<kw name="Log To Console" library="BuiltIn">
<arg>${link_text}</arg>
<doc>Logs the given message to the console.</doc>
<status status="PASS" starttime="20230725 06:12:42.848" endtime="20230725 06:12:42.849"/>
</kw>
<status status="PASS" starttime="20230725 06:12:42.826" endtime="20230725 06:12:42.849"/>
</iter>
<iter>
<var name="${i}">50</var>
<kw name="Get Text" library="SeleniumLibrary">
<var>${link_text}</var>
<arg>xpath:(//a)[${i}]</arg>
<doc>Returns the text value of the element identified by ``locator``.</doc>
<msg timestamp="20230725 06:12:42.870" level="INFO">${link_text} = </msg>
<status status="PASS" starttime="20230725 06:12:42.849" endtime="20230725 06:12:42.870"/>
</kw>
<kw name="Log To Console" library="BuiltIn">
<arg>${link_text}</arg>
<doc>Logs the given message to the console.</doc>
<status status="PASS" starttime="20230725 06:12:42.870" endtime="20230725 06:12:42.870"/>
</kw>
<status status="PASS" starttime="20230725 06:12:42.849" endtime="20230725 06:12:42.870"/>
</iter>
<iter>
<var name="${i}">51</var>
<kw name="Get Text" library="SeleniumLibrary">
<var>${link_text}</var>
<arg>xpath:(//a)[${i}]</arg>
<doc>Returns the text value of the element identified by ``locator``.</doc>
<msg timestamp="20230725 06:12:42.892" level="INFO">${link_text} = </msg>
<status status="PASS" starttime="20230725 06:12:42.871" endtime="20230725 06:12:42.892"/>
</kw>
<kw name="Log To Console" library="BuiltIn">
<arg>${link_text}</arg>
<doc>Logs the given message to the console.</doc>
<status status="PASS" starttime="20230725 06:12:42.892" endtime="20230725 06:12:42.892"/>
</kw>
<status status="PASS" starttime="20230725 06:12:42.870" endtime="20230725 06:12:42.893"/>
</iter>
<iter>
<var name="${i}">52</var>
<kw name="Get Text" library="SeleniumLibrary">
<var>${link_text}</var>
<arg>xpath:(//a)[${i}]</arg>
<doc>Returns the text value of the element identified by ``locator``.</doc>
<msg timestamp="20230725 06:12:42.915" level="INFO">${link_text} = </msg>
<status status="PASS" starttime="20230725 06:12:42.893" endtime="20230725 06:12:42.915"/>
</kw>
<kw name="Log To Console" library="BuiltIn">
<arg>${link_text}</arg>
<doc>Logs the given message to the console.</doc>
<status status="PASS" starttime="20230725 06:12:42.915" endtime="20230725 06:12:42.915"/>
</kw>
<status status="PASS" starttime="20230725 06:12:42.893" endtime="20230725 06:12:42.915"/>
</iter>
<iter>
<var name="${i}">53</var>
<kw name="Get Text" library="SeleniumLibrary">
<var>${link_text}</var>
<arg>xpath:(//a)[${i}]</arg>
<doc>Returns the text value of the element identified by ``locator``.</doc>
<msg timestamp="20230725 06:12:42.937" level="INFO">${link_text} = </msg>
<status status="PASS" starttime="20230725 06:12:42.915" endtime="20230725 06:12:42.937"/>
</kw>
<kw name="Log To Console" library="BuiltIn">
<arg>${link_text}</arg>
<doc>Logs the given message to the console.</doc>
<status status="PASS" starttime="20230725 06:12:42.937" endtime="20230725 06:12:42.938"/>
</kw>
<status status="PASS" starttime="20230725 06:12:42.915" endtime="20230725 06:12:42.938"/>
</iter>
<iter>
<var name="${i}">54</var>
<kw name="Get Text" library="SeleniumLibrary">
<var>${link_text}</var>
<arg>xpath:(//a)[${i}]</arg>
<doc>Returns the text value of the element identified by ``locator``.</doc>
<msg timestamp="20230725 06:12:42.960" level="INFO">${link_text} = </msg>
<status status="PASS" starttime="20230725 06:12:42.938" endtime="20230725 06:12:42.960"/>
</kw>
<kw name="Log To Console" library="BuiltIn">
<arg>${link_text}</arg>
<doc>Logs the given message to the console.</doc>
<status status="PASS" starttime="20230725 06:12:42.960" endtime="20230725 06:12:42.961"/>
</kw>
<status status="PASS" starttime="20230725 06:12:42.938" endtime="20230725 06:12:42.961"/>
</iter>
<iter>
<var name="${i}">55</var>
<kw name="Get Text" library="SeleniumLibrary">
<var>${link_text}</var>
<arg>xpath:(//a)[${i}]</arg>
<doc>Returns the text value of the element identified by ``locator``.</doc>
<msg timestamp="20230725 06:12:42.982" level="INFO">${link_text} = </msg>
<status status="PASS" starttime="20230725 06:12:42.961" endtime="20230725 06:12:42.982"/>
</kw>
<kw name="Log To Console" library="BuiltIn">
<arg>${link_text}</arg>
<doc>Logs the given message to the console.</doc>
<status status="PASS" starttime="20230725 06:12:42.982" endtime="20230725 06:12:42.982"/>
</kw>
<status status="PASS" starttime="20230725 06:12:42.961" endtime="20230725 06:12:42.983"/>
</iter>
<iter>
<var name="${i}">56</var>
<kw name="Get Text" library="SeleniumLibrary">
<var>${link_text}</var>
<arg>xpath:(//a)[${i}]</arg>
<doc>Returns the text value of the element identified by ``locator``.</doc>
<msg timestamp="20230725 06:12:43.008" level="INFO">${link_text} = Home</msg>
<status status="PASS" starttime="20230725 06:12:42.983" endtime="20230725 06:12:43.008"/>
</kw>
<kw name="Log To Console" library="BuiltIn">
<arg>${link_text}</arg>
<doc>Logs the given message to the console.</doc>
<status status="PASS" starttime="20230725 06:12:43.008" endtime="20230725 06:12:43.009"/>
</kw>
<status status="PASS" starttime="20230725 06:12:42.983" endtime="20230725 06:12:43.009"/>
</iter>
<iter>
<var name="${i}">57</var>
<kw name="Get Text" library="SeleniumLibrary">
<var>${link_text}</var>
<arg>xpath:(//a)[${i}]</arg>
<doc>Returns the text value of the element identified by ``locator``.</doc>
<msg timestamp="20230725 06:12:43.036" level="INFO">${link_text} = Earth</msg>
<status status="PASS" starttime="20230725 06:12:43.010" endtime="20230725 06:12:43.036"/>
</kw>
<kw name="Log To Console" library="BuiltIn">
<arg>${link_text}</arg>
<doc>Logs the given message to the console.</doc>
<status status="PASS" starttime="20230725 06:12:43.036" endtime="20230725 06:12:43.036"/>
</kw>
<status status="PASS" starttime="20230725 06:12:43.009" endtime="20230725 06:12:43.037"/>
</iter>
<iter>
<var name="${i}">58</var>
<kw name="Get Text" library="SeleniumLibrary">
<var>${link_text}</var>
<arg>xpath:(//a)[${i}]</arg>
<doc>Returns the text value of the element identified by ``locator``.</doc>
<msg timestamp="20230725 06:12:43.062" level="INFO">${link_text} = Continents</msg>
<status status="PASS" starttime="20230725 06:12:43.037" endtime="20230725 06:12:43.062"/>
</kw>
<kw name="Log To Console" library="BuiltIn">
<arg>${link_text}</arg>
<doc>Logs the given message to the console.</doc>
<status status="PASS" starttime="20230725 06:12:43.062" endtime="20230725 06:12:43.063"/>
</kw>
<status status="PASS" starttime="20230725 06:12:43.037" endtime="20230725 06:12:43.063"/>
</iter>
<iter>
<var name="${i}">59</var>
<kw name="Get Text" library="SeleniumLibrary">
<var>${link_text}</var>
<arg>xpath:(//a)[${i}]</arg>
<doc>Returns the text value of the element identified by ``locator``.</doc>
<msg timestamp="20230725 06:12:43.086" level="INFO">${link_text} = Countries</msg>
<status status="PASS" starttime="20230725 06:12:43.063" endtime="20230725 06:12:43.086"/>
</kw>
<kw name="Log To Console" library="BuiltIn">
<arg>${link_text}</arg>
<doc>Logs the given message to the console.</doc>
<status status="PASS" starttime="20230725 06:12:43.086" endtime="20230725 06:12:43.087"/>
</kw>
<status status="PASS" starttime="20230725 06:12:43.063" endtime="20230725 06:12:43.087"/>
</iter>
<iter>
<var name="${i}">60</var>
<kw name="Get Text" library="SeleniumLibrary">
<var>${link_text}</var>
<arg>xpath:(//a)[${i}]</arg>
<doc>Returns the text value of the element identified by ``locator``.</doc>
<msg timestamp="20230725 06:12:43.110" level="INFO">${link_text} = A</msg>
<status status="PASS" starttime="20230725 06:12:43.087" endtime="20230725 06:12:43.110"/>
</kw>
<kw name="Log To Console" library="BuiltIn">
<arg>${link_text}</arg>
<doc>Logs the given message to the console.</doc>
<status status="PASS" starttime="20230725 06:12:43.110" endtime="20230725 06:12:43.110"/>
</kw>
<status status="PASS" starttime="20230725 06:12:43.087" endtime="20230725 06:12:43.111"/>
</iter>
<iter>
<var name="${i}">61</var>
<kw name="Get Text" library="SeleniumLibrary">
<var>${link_text}</var>
<arg>xpath:(//a)[${i}]</arg>
<doc>Returns the text value of the element identified by ``locator``.</doc>
<msg timestamp="20230725 06:12:43.134" level="INFO">${link_text} = B</msg>
<status status="PASS" starttime="20230725 06:12:43.111" endtime="20230725 06:12:43.134"/>
</kw>
<kw name="Log To Console" library="BuiltIn">
<arg>${link_text}</arg>
<doc>Logs the given message to the console.</doc>
<status status="PASS" starttime="20230725 06:12:43.135" endtime="20230725 06:12:43.135"/>
</kw>
<status status="PASS" starttime="20230725 06:12:43.111" endtime="20230725 06:12:43.135"/>
</iter>
<iter>
<var name="${i}">62</var>
<kw name="Get Text" library="SeleniumLibrary">
<var>${link_text}</var>
<arg>xpath:(//a)[${i}]</arg>
<doc>Returns the text value of the element identified by ``locator``.</doc>
<msg timestamp="20230725 06:12:43.158" level="INFO">${link_text} = C</msg>
<status status="PASS" starttime="20230725 06:12:43.136" endtime="20230725 06:12:43.158"/>
</kw>
<kw name="Log To Console" library="BuiltIn">
<arg>${link_text}</arg>
<doc>Logs the given message to the console.</doc>
<status status="PASS" starttime="20230725 06:12:43.158" endtime="20230725 06:12:43.159"/>
</kw>
<status status="PASS" starttime="20230725 06:12:43.135" endtime="20230725 06:12:43.159"/>
</iter>
<iter>
<var name="${i}">63</var>
<kw name="Get Text" library="SeleniumLibrary">
<var>${link_text}</var>
<arg>xpath:(//a)[${i}]</arg>
<doc>Returns the text value of the element identified by ``locator``.</doc>
<msg timestamp="20230725 06:12:43.183" level="INFO">${link_text} = D</msg>
<status status="PASS" starttime="20230725 06:12:43.160" endtime="20230725 06:12:43.183"/>
</kw>
<kw name="Log To Console" library="BuiltIn">
<arg>${link_text}</arg>
<doc>Logs the given message to the console.</doc>
<status status="PASS" starttime="20230725 06:12:43.183" endtime="20230725 06:12:43.183"/>
</kw>
<status status="PASS" starttime="20230725 06:12:43.159" endtime="20230725 06:12:43.183"/>
</iter>
<iter>
<var name="${i}">64</var>
<kw name="Get Text" library="SeleniumLibrary">
<var>${link_text}</var>
<arg>xpath:(//a)[${i}]</arg>
<doc>Returns the text value of the element identified by ``locator``.</doc>
<msg timestamp="20230725 06:12:43.208" level="INFO">${link_text} = E</msg>
<status status="PASS" starttime="20230725 06:12:43.184" endtime="20230725 06:12:43.208"/>
</kw>
<kw name="Log To Console" library="BuiltIn">
<arg>${link_text}</arg>
<doc>Logs the given message to the console.</doc>
<status status="PASS" starttime="20230725 06:12:43.208" endtime="20230725 06:12:43.208"/>
</kw>
<status status="PASS" starttime="20230725 06:12:43.184" endtime="20230725 06:12:43.208"/>
</iter>
<iter>
<var name="${i}">65</var>
<kw name="Get Text" library="SeleniumLibrary">
<var>${link_text}</var>
<arg>xpath:(//a)[${i}]</arg>
<doc>Returns the text value of the element identified by ``locator``.</doc>
<msg timestamp="20230725 06:12:43.231" level="INFO">${link_text} = F</msg>
<status status="PASS" starttime="20230725 06:12:43.209" endtime="20230725 06:12:43.231"/>
</kw>
<kw name="Log To Console" library="BuiltIn">
<arg>${link_text}</arg>
<doc>Logs the given message to the console.</doc>
<status status="PASS" starttime="20230725 06:12:43.232" endtime="20230725 06:12:43.233"/>
</kw>
<status status="PASS" starttime="20230725 06:12:43.208" endtime="20230725 06:12:43.233"/>
</iter>
<iter>
<var name="${i}">66</var>
<kw name="Get Text" library="SeleniumLibrary">
<var>${link_text}</var>
<arg>xpath:(//a)[${i}]</arg>
<doc>Returns the text value of the element identified by ``locator``.</doc>
<msg timestamp="20230725 06:12:43.257" level="INFO">${link_text} = G</msg>
<status status="PASS" starttime="20230725 06:12:43.233" endtime="20230725 06:12:43.257"/>
</kw>
<kw name="Log To Console" library="BuiltIn">
<arg>${link_text}</arg>
<doc>Logs the given message to the console.</doc>
<status status="PASS" starttime="20230725 06:12:43.257" endtime="20230725 06:12:43.258"/>
</kw>
<status status="PASS" starttime="20230725 06:12:43.233" endtime="20230725 06:12:43.258"/>
</iter>
<iter>
<var name="${i}">67</var>
<kw name="Get Text" library="SeleniumLibrary">
<var>${link_text}</var>
<arg>xpath:(//a)[${i}]</arg>
<doc>Returns the text value of the element identified by ``locator``.</doc>
<msg timestamp="20230725 06:12:43.284" level="INFO">${link_text} = H</msg>
<status status="PASS" starttime="20230725 06:12:43.258" endtime="20230725 06:12:43.284"/>
</kw>
<kw name="Log To Console" library="BuiltIn">
<arg>${link_text}</arg>
<doc>Logs the given message to the console.</doc>
<status status="PASS" starttime="20230725 06:12:43.285" endtime="20230725 06:12:43.285"/>
</kw>
<status status="PASS" starttime="20230725 06:12:43.258" endtime="20230725 06:12:43.286"/>
</iter>
<iter>
<var name="${i}">68</var>
<kw name="Get Text" library="SeleniumLibrary">
<var>${link_text}</var>
<arg>xpath:(//a)[${i}]</arg>
<doc>Returns the text value of the element identified by ``locator``.</doc>
<msg timestamp="20230725 06:12:43.311" level="INFO">${link_text} = I</msg>
<status status="PASS" starttime="20230725 06:12:43.286" endtime="20230725 06:12:43.311"/>
</kw>
<kw name="Log To Console" library="BuiltIn">
<arg>${link_text}</arg>
<doc>Logs the given message to the console.</doc>
<status status="PASS" starttime="20230725 06:12:43.311" endtime="20230725 06:12:43.312"/>
</kw>
<status status="PASS" starttime="20230725 06:12:43.286" endtime="20230725 06:12:43.312"/>
</iter>
<iter>
<var name="${i}">69</var>
<kw name="Get Text" library="SeleniumLibrary">
<var>${link_text}</var>
<arg>xpath:(//a)[${i}]</arg>
<doc>Returns the text value of the element identified by ``locator``.</doc>
<msg timestamp="20230725 06:12:43.341" level="INFO">${link_text} = J</msg>
<status status="PASS" starttime="20230725 06:12:43.312" endtime="20230725 06:12:43.341"/>
</kw>
<kw name="Log To Console" library="BuiltIn">
<arg>${link_text}</arg>
<doc>Logs the given message to the console.</doc>
<status status="PASS" starttime="20230725 06:12:43.341" endtime="20230725 06:12:43.342"/>
</kw>
<status status="PASS" starttime="20230725 06:12:43.312" endtime="20230725 06:12:43.342"/>
</iter>
<iter>
<var name="${i}">70</var>
<kw name="Get Text" library="SeleniumLibrary">
<var>${link_text}</var>
<arg>xpath:(//a)[${i}]</arg>
<doc>Returns the text value of the element identified by ``locator``.</doc>
<msg timestamp="20230725 06:12:43.368" level="INFO">${link_text} = K</msg>
<status status="PASS" starttime="20230725 06:12:43.342" endtime="20230725 06:12:43.368"/>
</kw>
<kw name="Log To Console" library="BuiltIn">
<arg>${link_text}</arg>
<doc>Logs the given message to the console.</doc>
<status status="PASS" starttime="20230725 06:12:43.368" endtime="20230725 06:12:43.369"/>
</kw>
<status status="PASS" starttime="20230725 06:12:43.342" endtime="20230725 06:12:43.369"/>
</iter>
<iter>
<var name="${i}">71</var>
<kw name="Get Text" library="SeleniumLibrary">
<var>${link_text}</var>
<arg>xpath:(//a)[${i}]</arg>
<doc>Returns the text value of the element identified by ``locator``.</doc>
<msg timestamp="20230725 06:12:43.393" level="INFO">${link_text} = L</msg>
<status status="PASS" starttime="20230725 06:12:43.369" endtime="20230725 06:12:43.393"/>
</kw>
<kw name="Log To Console" library="BuiltIn">
<arg>${link_text}</arg>
<doc>Logs the given message to the console.</doc>
<status status="PASS" starttime="20230725 06:12:43.393" endtime="20230725 06:12:43.394"/>
</kw>
<status status="PASS" starttime="20230725 06:12:43.369" endtime="20230725 06:12:43.394"/>
</iter>
<iter>
<var name="${i}">72</var>
<kw name="Get Text" library="SeleniumLibrary">
<var>${link_text}</var>
<arg>xpath:(//a)[${i}]</arg>
<doc>Returns the text value of the element identified by ``locator``.</doc>
<msg timestamp="20230725 06:12:43.419" level="INFO">${link_text} = M</msg>
<status status="PASS" starttime="20230725 06:12:43.394" endtime="20230725 06:12:43.419"/>
</kw>
<kw name="Log To Console" library="BuiltIn">
<arg>${link_text}</arg>
<doc>Logs the given message to the console.</doc>
<status status="PASS" starttime="20230725 06:12:43.419" endtime="20230725 06:12:43.420"/>
</kw>
<status status="PASS" starttime="20230725 06:12:43.394" endtime="20230725 06:12:43.420"/>
</iter>
<iter>
<var name="${i}">73</var>
<kw name="Get Text" library="SeleniumLibrary">
<var>${link_text}</var>
<arg>xpath:(//a)[${i}]</arg>
<doc>Returns the text value of the element identified by ``locator``.</doc>
<msg timestamp="20230725 06:12:43.445" level="INFO">${link_text} = N</msg>
<status status="PASS" starttime="20230725 06:12:43.421" endtime="20230725 06:12:43.445"/>
</kw>
<kw name="Log To Console" library="BuiltIn">
<arg>${link_text}</arg>
<doc>Logs the given message to the console.</doc>
<status status="PASS" starttime="20230725 06:12:43.445" endtime="20230725 06:12:43.446"/>
</kw>
<status status="PASS" starttime="20230725 06:12:43.420" endtime="20230725 06:12:43.446"/>
</iter>
<iter>
<var name="${i}">74</var>
<kw name="Get Text" library="SeleniumLibrary">
<var>${link_text}</var>
<arg>xpath:(//a)[${i}]</arg>
<doc>Returns the text value of the element identified by ``locator``.</doc>
<msg timestamp="20230725 06:12:43.470" level="INFO">${link_text} = O</msg>
<status status="PASS" starttime="20230725 06:12:43.446" endtime="20230725 06:12:43.470"/>
</kw>
<kw name="Log To Console" library="BuiltIn">
<arg>${link_text}</arg>
<doc>Logs the given message to the console.</doc>
<status status="PASS" starttime="20230725 06:12:43.470" endtime="20230725 06:12:43.471"/>
</kw>
<status status="PASS" starttime="20230725 06:12:43.446" endtime="20230725 06:12:43.471"/>
</iter>
<iter>
<var name="${i}">75</var>
<kw name="Get Text" library="SeleniumLibrary">
<var>${link_text}</var>
<arg>xpath:(//a)[${i}]</arg>
<doc>Returns the text value of the element identified by ``locator``.</doc>
<msg timestamp="20230725 06:12:43.493" level="INFO">${link_text} = P</msg>
<status status="PASS" starttime="20230725 06:12:43.471" endtime="20230725 06:12:43.494"/>
</kw>
<kw name="Log To Console" library="BuiltIn">
<arg>${link_text}</arg>
<doc>Logs the given message to the console.</doc>
<status status="PASS" starttime="20230725 06:12:43.494" endtime="20230725 06:12:43.494"/>
</kw>
<status status="PASS" starttime="20230725 06:12:43.471" endtime="20230725 06:12:43.494"/>
</iter>
<iter>
<var name="${i}">76</var>
<kw name="Get Text" library="SeleniumLibrary">
<var>${link_text}</var>
<arg>xpath:(//a)[${i}]</arg>
<doc>Returns the text value of the element identified by ``locator``.</doc>
<msg timestamp="20230725 06:12:43.518" level="INFO">${link_text} = Q</msg>
<status status="PASS" starttime="20230725 06:12:43.495" endtime="20230725 06:12:43.518"/>
</kw>
<kw name="Log To Console" library="BuiltIn">
<arg>${link_text}</arg>
<doc>Logs the given message to the console.</doc>
<status status="PASS" starttime="20230725 06:12:43.518" endtime="20230725 06:12:43.519"/>
</kw>
<status status="PASS" starttime="20230725 06:12:43.495" endtime="20230725 06:12:43.519"/>
</iter>
<iter>
<var name="${i}">77</var>
<kw name="Get Text" library="SeleniumLibrary">
<var>${link_text}</var>
<arg>xpath:(//a)[${i}]</arg>
<doc>Returns the text value of the element identified by ``locator``.</doc>
<msg timestamp="20230725 06:12:43.545" level="INFO">${link_text} = R</msg>
<status status="PASS" starttime="20230725 06:12:43.520" endtime="20230725 06:12:43.545"/>
</kw>
<kw name="Log To Console" library="BuiltIn">
<arg>${link_text}</arg>
<doc>Logs the given message to the console.</doc>
<status status="PASS" starttime="20230725 06:12:43.545" endtime="20230725 06:12:43.546"/>
</kw>
<status status="PASS" starttime="20230725 06:12:43.520" endtime="20230725 06:12:43.546"/>
</iter>
<iter>
<var name="${i}">78</var>
<kw name="Get Text" library="SeleniumLibrary">
<var>${link_text}</var>
<arg>xpath:(//a)[${i}]</arg>
<doc>Returns the text value of the element identified by ``locator``.</doc>
<msg timestamp="20230725 06:12:43.570" level="INFO">${link_text} = S</msg>
<status status="PASS" starttime="20230725 06:12:43.546" endtime="20230725 06:12:43.570"/>
</kw>
<kw name="Log To Console" library="BuiltIn">
<arg>${link_text}</arg>
<doc>Logs the given message to the console.</doc>
<status status="PASS" starttime="20230725 06:12:43.570" endtime="20230725 06:12:43.571"/>
</kw>
<status status="PASS" starttime="20230725 06:12:43.546" endtime="20230725 06:12:43.571"/>
</iter>
<iter>
<var name="${i}">79</var>
<kw name="Get Text" library="SeleniumLibrary">
<var>${link_text}</var>
<arg>xpath:(//a)[${i}]</arg>
<doc>Returns the text value of the element identified by ``locator``.</doc>
<msg timestamp="20230725 06:12:43.596" level="INFO">${link_text} = T</msg>
<status status="PASS" starttime="20230725 06:12:43.571" endtime="20230725 06:12:43.596"/>
</kw>
<kw name="Log To Console" library="BuiltIn">
<arg>${link_text}</arg>
<doc>Logs the given message to the console.</doc>
<status status="PASS" starttime="20230725 06:12:43.596" endtime="20230725 06:12:43.597"/>
</kw>
<status status="PASS" starttime="20230725 06:12:43.571" endtime="20230725 06:12:43.597"/>
</iter>
<iter>
<var name="${i}">80</var>
<kw name="Get Text" library="SeleniumLibrary">
<var>${link_text}</var>
<arg>xpath:(//a)[${i}]</arg>
<doc>Returns the text value of the element identified by ``locator``.</doc>
<msg timestamp="20230725 06:12:43.621" level="INFO">${link_text} = U</msg>
<status status="PASS" starttime="20230725 06:12:43.597" endtime="20230725 06:12:43.621"/>
</kw>
<kw name="Log To Console" library="BuiltIn">
<arg>${link_text}</arg>
<doc>Logs the given message to the console.</doc>
<status status="PASS" starttime="20230725 06:12:43.621" endtime="20230725 06:12:43.622"/>
</kw>
<status status="PASS" starttime="20230725 06:12:43.597" endtime="20230725 06:12:43.622"/>
</iter>
<iter>
<var name="${i}">81</var>
<kw name="Get Text" library="SeleniumLibrary">
<var>${link_text}</var>
<arg>xpath:(//a)[${i}]</arg>
<doc>Returns the text value of the element identified by ``locator``.</doc>
<msg timestamp="20230725 06:12:43.645" level="INFO">${link_text} = V</msg>
<status status="PASS" starttime="20230725 06:12:43.622" endtime="20230725 06:12:43.645"/>
</kw>
<kw name="Log To Console" library="BuiltIn">
<arg>${link_text}</arg>
<doc>Logs the given message to the console.</doc>
<status status="PASS" starttime="20230725 06:12:43.645" endtime="20230725 06:12:43.646"/>
</kw>
<status status="PASS" starttime="20230725 06:12:43.622" endtime="20230725 06:12:43.646"/>
</iter>
<iter>
<var name="${i}">82</var>
<kw name="Get Text" library="SeleniumLibrary">
<var>${link_text}</var>
<arg>xpath:(//a)[${i}]</arg>
<doc>Returns the text value of the element identified by ``locator``.</doc>
<msg timestamp="20230725 06:12:43.670" level="INFO">${link_text} = W</msg>
<status status="PASS" starttime="20230725 06:12:43.646" endtime="20230725 06:12:43.670"/>
</kw>
<kw name="Log To Console" library="BuiltIn">
<arg>${link_text}</arg>
<doc>Logs the given message to the console.</doc>
<status status="PASS" starttime="20230725 06:12:43.670" endtime="20230725 06:12:43.671"/>
</kw>
<status status="PASS" starttime="20230725 06:12:43.646" endtime="20230725 06:12:43.671"/>
</iter>
<iter>
<var name="${i}">83</var>
<kw name="Get Text" library="SeleniumLibrary">
<var>${link_text}</var>
<arg>xpath:(//a)[${i}]</arg>
<doc>Returns the text value of the element identified by ``locator``.</doc>
<msg timestamp="20230725 06:12:43.694" level="INFO">${link_text} = Y</msg>
<status status="PASS" starttime="20230725 06:12:43.671" endtime="20230725 06:12:43.694"/>
</kw>
<kw name="Log To Console" library="BuiltIn">
<arg>${link_text}</arg>
<doc>Logs the given message to the console.</doc>
<status status="PASS" starttime="20230725 06:12:43.694" endtime="20230725 06:12:43.695"/>
</kw>
<status status="PASS" starttime="20230725 06:12:43.671" endtime="20230725 06:12:43.695"/>
</iter>
<iter>
<var name="${i}">84</var>
<kw name="Get Text" library="SeleniumLibrary">
<var>${link_text}</var>
<arg>xpath:(//a)[${i}]</arg>
<doc>Returns the text value of the element identified by ``locator``.</doc>
<msg timestamp="20230725 06:12:43.719" level="INFO">${link_text} = Z</msg>
<status status="PASS" starttime="20230725 06:12:43.695" endtime="20230725 06:12:43.719"/>
</kw>
<kw name="Log To Console" library="BuiltIn">
<arg>${link_text}</arg>
<doc>Logs the given message to the console.</doc>
<status status="PASS" starttime="20230725 06:12:43.719" endtime="20230725 06:12:43.720"/>
</kw>
<status status="PASS" starttime="20230725 06:12:43.695" endtime="20230725 06:12:43.720"/>
</iter>
<iter>
<var name="${i}">85</var>
<kw name="Get Text" library="SeleniumLibrary">
<var>${link_text}</var>
<arg>xpath:(//a)[${i}]</arg>
<doc>Returns the text value of the element identified by ``locator``.</doc>
<msg timestamp="20230725 06:12:43.745" level="INFO">${link_text} = Taiwan</msg>
<status status="PASS" starttime="20230725 06:12:43.721" endtime="20230725 06:12:43.745"/>
</kw>
<kw name="Log To Console" library="BuiltIn">
<arg>${link_text}</arg>
<doc>Logs the given message to the console.</doc>
<status status="PASS" starttime="20230725 06:12:43.746" endtime="20230725 06:12:43.746"/>
</kw>
<status status="PASS" starttime="20230725 06:12:43.720" endtime="20230725 06:12:43.746"/>
</iter>
<iter>
<var name="${i}">86</var>
<kw name="Get Text" library="SeleniumLibrary">
<var>${link_text}</var>
<arg>xpath:(//a)[${i}]</arg>
<doc>Returns the text value of the element identified by ``locator``.</doc>
<msg timestamp="20230725 06:12:43.771" level="INFO">${link_text} = dependent areas</msg>
<status status="PASS" starttime="20230725 06:12:43.746" endtime="20230725 06:12:43.771"/>
</kw>
<kw name="Log To Console" library="BuiltIn">
<arg>${link_text}</arg>
<doc>Logs the given message to the console.</doc>
<status status="PASS" starttime="20230725 06:12:43.771" endtime="20230725 06:12:43.772"/>
</kw>
<status status="PASS" starttime="20230725 06:12:43.746" endtime="20230725 06:12:43.772"/>
</iter>
<iter>
<var name="${i}">87</var>
<kw name="Get Text" library="SeleniumLibrary">
<var>${link_text}</var>
<arg>xpath:(//a)[${i}]</arg>
<doc>Returns the text value of the element identified by ``locator``.</doc>
<msg timestamp="20230725 06:12:43.796" level="INFO">${link_text} = Kosovo</msg>
<status status="PASS" starttime="20230725 06:12:43.772" endtime="20230725 06:12:43.796"/>
</kw>
<kw name="Log To Console" library="BuiltIn">
<arg>${link_text}</arg>
<doc>Logs the given message to the console.</doc>
<status status="PASS" starttime="20230725 06:12:43.796" endtime="20230725 06:12:43.797"/>
</kw>
<status status="PASS" starttime="20230725 06:12:43.772" endtime="20230725 06:12:43.797"/>
</iter>
<iter>
<var name="${i}">88</var>
<kw name="Get Text" library="SeleniumLibrary">
<var>${link_text}</var>
<arg>xpath:(//a)[${i}]</arg>
<doc>Returns the text value of the element identified by ``locator``.</doc>
<msg timestamp="20230725 06:12:43.821" level="INFO">${link_text} = Afghanistan</msg>
<status status="PASS" starttime="20230725 06:12:43.797" endtime="20230725 06:12:43.821"/>
</kw>
<kw name="Log To Console" library="BuiltIn">
<arg>${link_text}</arg>
<doc>Logs the given message to the console.</doc>
<status status="PASS" starttime="20230725 06:12:43.821" endtime="20230725 06:12:43.822"/>
</kw>
<status status="PASS" starttime="20230725 06:12:43.797" endtime="20230725 06:12:43.822"/>
</iter>
<iter>
<var name="${i}">89</var>
<kw name="Get Text" library="SeleniumLibrary">
<var>${link_text}</var>
<arg>xpath:(//a)[${i}]</arg>
<doc>Returns the text value of the element identified by ``locator``.</doc>
<msg timestamp="20230725 06:12:43.845" level="INFO">${link_text} = Albania</msg>
<status status="PASS" starttime="20230725 06:12:43.822" endtime="20230725 06:12:43.845"/>
</kw>
<kw name="Log To Console" library="BuiltIn">
<arg>${link_text}</arg>
<doc>Logs the given message to the console.</doc>
<status status="PASS" starttime="20230725 06:12:43.845" endtime="20230725 06:12:43.846"/>
</kw>
<status status="PASS" starttime="20230725 06:12:43.822" endtime="20230725 06:12:43.846"/>
</iter>
<iter>
<var name="${i}">90</var>
<kw name="Get Text" library="SeleniumLibrary">
<var>${link_text}</var>
<arg>xpath:(//a)[${i}]</arg>
<doc>Returns the text value of the element identified by ``locator``.</doc>
<msg timestamp="20230725 06:12:43.869" level="INFO">${link_text} = Algeria</msg>
<status status="PASS" starttime="20230725 06:12:43.846" endtime="20230725 06:12:43.869"/>
</kw>
<kw name="Log To Console" library="BuiltIn">
<arg>${link_text}</arg>
<doc>Logs the given message to the console.</doc>
<status status="PASS" starttime="20230725 06:12:43.869" endtime="20230725 06:12:43.870"/>
</kw>
<status status="PASS" starttime="20230725 06:12:43.846" endtime="20230725 06:12:43.870"/>
</iter>
<iter>
<var name="${i}">91</var>
<kw name="Get Text" library="SeleniumLibrary">
<var>${link_text}</var>
<arg>xpath:(//a)[${i}]</arg>
<doc>Returns the text value of the element identified by ``locator``.</doc>
<msg timestamp="20230725 06:12:43.894" level="INFO">${link_text} = American Samoa</msg>
<status status="PASS" starttime="20230725 06:12:43.870" endtime="20230725 06:12:43.894"/>
</kw>
<kw name="Log To Console" library="BuiltIn">
<arg>${link_text}</arg>
<doc>Logs the given message to the console.</doc>
<status status="PASS" starttime="20230725 06:12:43.895" endtime="20230725 06:12:43.895"/>
</kw>
<status status="PASS" starttime="20230725 06:12:43.870" endtime="20230725 06:12:43.895"/>
</iter>
<iter>
<var name="${i}">92</var>
<kw name="Get Text" library="SeleniumLibrary">
<var>${link_text}</var>
<arg>xpath:(//a)[${i}]</arg>
<doc>Returns the text value of the element identified by ``locator``.</doc>
<msg timestamp="20230725 06:12:43.920" level="INFO">${link_text} = Andorra</msg>
<status status="PASS" starttime="20230725 06:12:43.896" endtime="20230725 06:12:43.920"/>
</kw>
<kw name="Log To Console" library="BuiltIn">
<arg>${link_text}</arg>
<doc>Logs the given message to the console.</doc>
<status status="PASS" starttime="20230725 06:12:43.920" endtime="20230725 06:12:43.921"/>
</kw>
<status status="PASS" starttime="20230725 06:12:43.896" endtime="20230725 06:12:43.921"/>
</iter>
<iter>
<var name="${i}">93</var>
<kw name="Get Text" library="SeleniumLibrary">
<var>${link_text}</var>
<arg>xpath:(//a)[${i}]</arg>
<doc>Returns the text value of the element identified by ``locator``.</doc>
<msg timestamp="20230725 06:12:43.945" level="INFO">${link_text} = Angola</msg>
<status status="PASS" starttime="20230725 06:12:43.921" endtime="20230725 06:12:43.945"/>
</kw>
<kw name="Log To Console" library="BuiltIn">
<arg>${link_text}</arg>
<doc>Logs the given message to the console.</doc>
<status status="PASS" starttime="20230725 06:12:43.945" endtime="20230725 06:12:43.946"/>
</kw>
<status status="PASS" starttime="20230725 06:12:43.921" endtime="20230725 06:12:43.946"/>
</iter>
<iter>
<var name="${i}">94</var>
<kw name="Get Text" library="SeleniumLibrary">
<var>${link_text}</var>
<arg>xpath:(//a)[${i}]</arg>
<doc>Returns the text value of the element identified by ``locator``.</doc>
<msg timestamp="20230725 06:12:43.970" level="INFO">${link_text} = Anguilla</msg>
<status status="PASS" starttime="20230725 06:12:43.946" endtime="20230725 06:12:43.970"/>
</kw>
<kw name="Log To Console" library="BuiltIn">
<arg>${link_text}</arg>
<doc>Logs the given message to the console.</doc>
<status status="PASS" starttime="20230725 06:12:43.970" endtime="20230725 06:12:43.971"/>
</kw>
<status status="PASS" starttime="20230725 06:12:43.946" endtime="20230725 06:12:43.971"/>
</iter>
<iter>
<var name="${i}">95</var>
<kw name="Get Text" library="SeleniumLibrary">
<var>${link_text}</var>
<arg>xpath:(//a)[${i}]</arg>
<doc>Returns the text value of the element identified by ``locator``.</doc>
<msg timestamp="20230725 06:12:43.997" level="INFO">${link_text} = Antigua and Barbuda</msg>
<status status="PASS" starttime="20230725 06:12:43.971" endtime="20230725 06:12:43.997"/>
</kw>
<kw name="Log To Console" library="BuiltIn">
<arg>${link_text}</arg>
<doc>Logs the given message to the console.</doc>
<status status="PASS" starttime="20230725 06:12:43.997" endtime="20230725 06:12:43.998"/>
</kw>
<status status="PASS" starttime="20230725 06:12:43.971" endtime="20230725 06:12:43.998"/>
</iter>
<iter>
<var name="${i}">96</var>
<kw name="Get Text" library="SeleniumLibrary">
<var>${link_text}</var>
<arg>xpath:(//a)[${i}]</arg>
<doc>Returns the text value of the element identified by ``locator``.</doc>
<msg timestamp="20230725 06:12:44.022" level="INFO">${link_text} = Argentina</msg>
<status status="PASS" starttime="20230725 06:12:43.998" endtime="20230725 06:12:44.022"/>
</kw>
<kw name="Log To Console" library="BuiltIn">
<arg>${link_text}</arg>
<doc>Logs the given message to the console.</doc>
<status status="PASS" starttime="20230725 06:12:44.022" endtime="20230725 06:12:44.022"/>
</kw>
<status status="PASS" starttime="20230725 06:12:43.998" endtime="20230725 06:12:44.023"/>
</iter>
<iter>
<var name="${i}">97</var>
<kw name="Get Text" library="SeleniumLibrary">
<var>${link_text}</var>
<arg>xpath:(//a)[${i}]</arg>
<doc>Returns the text value of the element identified by ``locator``.</doc>
<msg timestamp="20230725 06:12:44.047" level="INFO">${link_text} = Armenia</msg>
<status status="PASS" starttime="20230725 06:12:44.023" endtime="20230725 06:12:44.047"/>
</kw>
<kw name="Log To Console" library="BuiltIn">
<arg>${link_text}</arg>
<doc>Logs the given message to the console.</doc>
<status status="PASS" starttime="20230725 06:12:44.047" endtime="20230725 06:12:44.048"/>
</kw>
<status status="PASS" starttime="20230725 06:12:44.023" endtime="20230725 06:12:44.048"/>
</iter>
<iter>
<var name="${i}">98</var>
<kw name="Get Text" library="SeleniumLibrary">
<var>${link_text}</var>
<arg>xpath:(//a)[${i}]</arg>
<doc>Returns the text value of the element identified by ``locator``.</doc>
<msg timestamp="20230725 06:12:44.072" level="INFO">${link_text} = Aruba</msg>
<status status="PASS" starttime="20230725 06:12:44.048" endtime="20230725 06:12:44.072"/>
</kw>
<kw name="Log To Console" library="BuiltIn">
<arg>${link_text}</arg>
<doc>Logs the given message to the console.</doc>
<status status="PASS" starttime="20230725 06:12:44.072" endtime="20230725 06:12:44.073"/>
</kw>
<status status="PASS" starttime="20230725 06:12:44.048" endtime="20230725 06:12:44.073"/>
</iter>
<iter>
<var name="${i}">99</var>
<kw name="Get Text" library="SeleniumLibrary">
<var>${link_text}</var>
<arg>xpath:(//a)[${i}]</arg>
<doc>Returns the text value of the element identified by ``locator``.</doc>
<msg timestamp="20230725 06:12:44.097" level="INFO">${link_text} = Australia</msg>
<status status="PASS" starttime="20230725 06:12:44.073" endtime="20230725 06:12:44.097"/>
</kw>
<kw name="Log To Console" library="BuiltIn">
<arg>${link_text}</arg>
<doc>Logs the given message to the console.</doc>
<status status="PASS" starttime="20230725 06:12:44.097" endtime="20230725 06:12:44.098"/>
</kw>
<status status="PASS" starttime="20230725 06:12:44.073" endtime="20230725 06:12:44.098"/>
</iter>
<iter>
<var name="${i}">100</var>
<kw name="Get Text" library="SeleniumLibrary">
<var>${link_text}</var>
<arg>xpath:(//a)[${i}]</arg>
<doc>Returns the text value of the element identified by ``locator``.</doc>
<msg timestamp="20230725 06:12:44.121" level="INFO">${link_text} = Austria</msg>
<status status="PASS" starttime="20230725 06:12:44.098" endtime="20230725 06:12:44.121"/>
</kw>
<kw name="Log To Console" library="BuiltIn">
<arg>${link_text}</arg>
<doc>Logs the given message to the console.</doc>
<status status="PASS" starttime="20230725 06:12:44.121" endtime="20230725 06:12:44.122"/>
</kw>
<status status="PASS" starttime="20230725 06:12:44.098" endtime="20230725 06:12:44.122"/>
</iter>
<iter>
<var name="${i}">101</var>
<kw name="Get Text" library="SeleniumLibrary">
<var>${link_text}</var>
<arg>xpath:(//a)[${i}]</arg>
<doc>Returns the text value of the element identified by ``locator``.</doc>
<msg timestamp="20230725 06:12:44.145" level="INFO">${link_text} = Azerbaijan</msg>
<status status="PASS" starttime="20230725 06:12:44.122" endtime="20230725 06:12:44.145"/>
</kw>
<kw name="Log To Console" library="BuiltIn">
<arg>${link_text}</arg>
<doc>Logs the given message to the console.</doc>
<status status="PASS" starttime="20230725 06:12:44.145" endtime="20230725 06:12:44.146"/>
</kw>
<status status="PASS" starttime="20230725 06:12:44.122" endtime="20230725 06:12:44.146"/>
</iter>
<iter>
<var name="${i}">102</var>
<kw name="Get Text" library="SeleniumLibrary">
<var>${link_text}</var>
<arg>xpath:(//a)[${i}]</arg>
<doc>Returns the text value of the element identified by ``locator``.</doc>
<msg timestamp="20230725 06:12:44.170" level="INFO">${link_text} = Bahamas</msg>
<status status="PASS" starttime="20230725 06:12:44.146" endtime="20230725 06:12:44.170"/>
</kw>
<kw name="Log To Console" library="BuiltIn">
<arg>${link_text}</arg>
<doc>Logs the given message to the console.</doc>
<status status="PASS" starttime="20230725 06:12:44.170" endtime="20230725 06:12:44.171"/>
</kw>
<status status="PASS" starttime="20230725 06:12:44.146" endtime="20230725 06:12:44.171"/>
</iter>
<iter>
<var name="${i}">103</var>
<kw name="Get Text" library="SeleniumLibrary">
<var>${link_text}</var>
<arg>xpath:(//a)[${i}]</arg>
<doc>Returns the text value of the element identified by ``locator``.</doc>
<msg timestamp="20230725 06:12:44.193" level="INFO">${link_text} = Bahrain</msg>
<status status="PASS" starttime="20230725 06:12:44.171" endtime="20230725 06:12:44.193"/>
</kw>
<kw name="Log To Console" library="BuiltIn">
<arg>${link_text}</arg>
<doc>Logs the given message to the console.</doc>
<status status="PASS" starttime="20230725 06:12:44.193" endtime="20230725 06:12:44.194"/>
</kw>
<status status="PASS" starttime="20230725 06:12:44.171" endtime="20230725 06:12:44.194"/>
</iter>
<iter>
<var name="${i}">104</var>
<kw name="Get Text" library="SeleniumLibrary">
<var>${link_text}</var>
<arg>xpath:(//a)[${i}]</arg>
<doc>Returns the text value of the element identified by ``locator``.</doc>
<msg timestamp="20230725 06:12:44.217" level="INFO">${link_text} = Bangladesh</msg>
<status status="PASS" starttime="20230725 06:12:44.194" endtime="20230725 06:12:44.217"/>
</kw>
<kw name="Log To Console" library="BuiltIn">
<arg>${link_text}</arg>
<doc>Logs the given message to the console.</doc>
<status status="PASS" starttime="20230725 06:12:44.217" endtime="20230725 06:12:44.218"/>
</kw>
<status status="PASS" starttime="20230725 06:12:44.194" endtime="20230725 06:12:44.218"/>
</iter>
<iter>
<var name="${i}">105</var>
<kw name="Get Text" library="SeleniumLibrary">
<var>${link_text}</var>
<arg>xpath:(//a)[${i}]</arg>
<doc>Returns the text value of the element identified by ``locator``.</doc>
<msg timestamp="20230725 06:12:44.241" level="INFO">${link_text} = Barbados</msg>
<status status="PASS" starttime="20230725 06:12:44.218" endtime="20230725 06:12:44.241"/>
</kw>
<kw name="Log To Console" library="BuiltIn">
<arg>${link_text}</arg>
<doc>Logs the given message to the console.</doc>
<status status="PASS" starttime="20230725 06:12:44.242" endtime="20230725 06:12:44.243"/>
</kw>
<status status="PASS" starttime="20230725 06:12:44.218" endtime="20230725 06:12:44.243"/>
</iter>
<iter>
<var name="${i}">106</var>
<kw name="Get Text" library="SeleniumLibrary">
<var>${link_text}</var>
<arg>xpath:(//a)[${i}]</arg>
<doc>Returns the text value of the element identified by ``locator``.</doc>
<msg timestamp="20230725 06:12:44.267" level="INFO">${link_text} = Belarus</msg>
<status status="PASS" starttime="20230725 06:12:44.243" endtime="20230725 06:12:44.267"/>
</kw>
<kw name="Log To Console" library="BuiltIn">
<arg>${link_text}</arg>
<doc>Logs the given message to the console.</doc>
<status status="PASS" starttime="20230725 06:12:44.267" endtime="20230725 06:12:44.268"/>
</kw>
<status status="PASS" starttime="20230725 06:12:44.243" endtime="20230725 06:12:44.268"/>
</iter>
<iter>
<var name="${i}">107</var>
<kw name="Get Text" library="SeleniumLibrary">
<var>${link_text}</var>
<arg>xpath:(//a)[${i}]</arg>
<doc>Returns the text value of the element identified by ``locator``.</doc>
<msg timestamp="20230725 06:12:44.292" level="INFO">${link_text} = Belgium</msg>
<status status="PASS" starttime="20230725 06:12:44.268" endtime="20230725 06:12:44.292"/>
</kw>
<kw name="Log To Console" library="BuiltIn">
<arg>${link_text}</arg>
<doc>Logs the given message to the console.</doc>
<status status="PASS" starttime="20230725 06:12:44.293" endtime="20230725 06:12:44.293"/>
</kw>
<status status="PASS" starttime="20230725 06:12:44.268" endtime="20230725 06:12:44.293"/>
</iter>
<iter>
<var name="${i}">108</var>
<kw name="Get Text" library="SeleniumLibrary">
<var>${link_text}</var>
<arg>xpath:(//a)[${i}]</arg>
<doc>Returns the text value of the element identified by ``locator``.</doc>
<msg timestamp="20230725 06:12:44.317" level="INFO">${link_text} = Belize</msg>
<status status="PASS" starttime="20230725 06:12:44.294" endtime="20230725 06:12:44.318"/>
</kw>
<kw name="Log To Console" library="BuiltIn">
<arg>${link_text}</arg>
<doc>Logs the given message to the console.</doc>
<status status="PASS" starttime="20230725 06:12:44.318" endtime="20230725 06:12:44.318"/>
</kw>
<status status="PASS" starttime="20230725 06:12:44.293" endtime="20230725 06:12:44.318"/>
</iter>
<iter>
<var name="${i}">109</var>
<kw name="Get Text" library="SeleniumLibrary">
<var>${link_text}</var>
<arg>xpath:(//a)[${i}]</arg>
<doc>Returns the text value of the element identified by ``locator``.</doc>
<msg timestamp="20230725 06:12:44.341" level="INFO">${link_text} = Benin</msg>
<status status="PASS" starttime="20230725 06:12:44.319" endtime="20230725 06:12:44.341"/>
</kw>
<kw name="Log To Console" library="BuiltIn">
<arg>${link_text}</arg>
<doc>Logs the given message to the console.</doc>
<status status="PASS" starttime="20230725 06:12:44.341" endtime="20230725 06:12:44.342"/>
</kw>
<status status="PASS" starttime="20230725 06:12:44.318" endtime="20230725 06:12:44.342"/>
</iter>
<iter>
<var name="${i}">110</var>
<kw name="Get Text" library="SeleniumLibrary">
<var>${link_text}</var>
<arg>xpath:(//a)[${i}]</arg>
<doc>Returns the text value of the element identified by ``locator``.</doc>
<msg timestamp="20230725 06:12:44.364" level="INFO">${link_text} = Bermuda</msg>
<status status="PASS" starttime="20230725 06:12:44.343" endtime="20230725 06:12:44.364"/>
</kw>
<kw name="Log To Console" library="BuiltIn">
<arg>${link_text}</arg>
<doc>Logs the given message to the console.</doc>
<status status="PASS" starttime="20230725 06:12:44.364" endtime="20230725 06:12:44.365"/>
</kw>
<status status="PASS" starttime="20230725 06:12:44.342" endtime="20230725 06:12:44.365"/>
</iter>
<iter>
<var name="${i}">111</var>
<kw name="Get Text" library="SeleniumLibrary">
<var>${link_text}</var>
<arg>xpath:(//a)[${i}]</arg>
<doc>Returns the text value of the element identified by ``locator``.</doc>
<msg timestamp="20230725 06:12:44.389" level="INFO">${link_text} = Bhutan</msg>
<status status="PASS" starttime="20230725 06:12:44.365" endtime="20230725 06:12:44.389"/>
</kw>
<kw name="Log To Console" library="BuiltIn">
<arg>${link_text}</arg>
<doc>Logs the given message to the console.</doc>
<status status="PASS" starttime="20230725 06:12:44.389" endtime="20230725 06:12:44.390"/>
</kw>
<status status="PASS" starttime="20230725 06:12:44.365" endtime="20230725 06:12:44.390"/>
</iter>
<iter>
<var name="${i}">112</var>
<kw name="Get Text" library="SeleniumLibrary">
<var>${link_text}</var>
<arg>xpath:(//a)[${i}]</arg>
<doc>Returns the text value of the element identified by ``locator``.</doc>
<msg timestamp="20230725 06:12:44.412" level="INFO">${link_text} = Bolivia</msg>
<status status="PASS" starttime="20230725 06:12:44.390" endtime="20230725 06:12:44.412"/>
</kw>
<kw name="Log To Console" library="BuiltIn">
<arg>${link_text}</arg>
<doc>Logs the given message to the console.</doc>
<status status="PASS" starttime="20230725 06:12:44.412" endtime="20230725 06:12:44.413"/>
</kw>
<status status="PASS" starttime="20230725 06:12:44.390" endtime="20230725 06:12:44.413"/>
</iter>
<iter>
<var name="${i}">113</var>
<kw name="Get Text" library="SeleniumLibrary">
<var>${link_text}</var>
<arg>xpath:(//a)[${i}]</arg>
<doc>Returns the text value of the element identified by ``locator``.</doc>
<msg timestamp="20230725 06:12:44.438" level="INFO">${link_text} = Bosnia and Herzegovina</msg>
<status status="PASS" starttime="20230725 06:12:44.413" endtime="20230725 06:12:44.438"/>
</kw>
<kw name="Log To Console" library="BuiltIn">
<arg>${link_text}</arg>
<doc>Logs the given message to the console.</doc>
[...]
<status status="PASS" starttime="20230725 06:12:49.293" endtime="20230725 06:12:49.294"/>
</kw>
<status status="PASS" starttime="20230725 06:12:49.268" endtime="20230725 06:12:49.294"/>
</iter>
<iter>
<var name="${i}">305</var>
<kw name="Get Text" library="SeleniumLibrary">
<var>${link_text}</var>
<arg>xpath:(//a)[${i}]</arg>
<doc>Returns the text value of the element identified by ``locator``.</doc>
<msg timestamp="20230725 06:12:49.319" level="INFO">${link_text} = Virgin Islands (British)</msg>
<status status="PASS" starttime="20230725 06:12:49.294" endtime="20230725 06:12:49.319"/>
</kw>
<kw name="Log To Console" library="BuiltIn">
<arg>${link_text}</arg>
<doc>Logs the given message to the console.</doc>
<status status="PASS" starttime="20230725 06:12:49.320" endtime="20230725 06:12:49.321"/>
</kw>
<status status="PASS" starttime="20230725 06:12:49.294" endtime="20230725 06:12:49.321"/>
</iter>
<iter>
<var name="${i}">306</var>
<kw name="Get Text" library="SeleniumLibrary">
<var>${link_text}</var>
<arg>xpath:(//a)[${i}]</arg>
<doc>Returns the text value of the element identified by ``locator``.</doc>
<msg timestamp="20230725 06:12:49.347" level="INFO">${link_text} = Virgin Islands (U.S.)</msg>
<status status="PASS" starttime="20230725 06:12:49.321" endtime="20230725 06:12:49.347"/>
</kw>
<kw name="Log To Console" library="BuiltIn">
<arg>${link_text}</arg>
<doc>Logs the given message to the console.</doc>
<status status="PASS" starttime="20230725 06:12:49.348" endtime="20230725 06:12:49.348"/>
</kw>
<status status="PASS" starttime="20230725 06:12:49.321" endtime="20230725 06:12:49.348"/>
</iter>
<iter>
<var name="${i}">307</var>
<kw name="Get Text" library="SeleniumLibrary">
<var>${link_text}</var>
<arg>xpath:(//a)[${i}]</arg>
<doc>Returns the text value of the element identified by ``locator``.</doc>
<msg timestamp="20230725 06:12:49.374" level="INFO">${link_text} = Yemen</msg>
<status status="PASS" starttime="20230725 06:12:49.349" endtime="20230725 06:12:49.374"/>
</kw>
<kw name="Log To Console" library="BuiltIn">
<arg>${link_text}</arg>
<doc>Logs the given message to the console.</doc>
<status status="PASS" starttime="20230725 06:12:49.374" endtime="20230725 06:12:49.375"/>
</kw>
<status status="PASS" starttime="20230725 06:12:49.348" endtime="20230725 06:12:49.375"/>
</iter>
<iter>
<var name="${i}">308</var>
<kw name="Get Text" library="SeleniumLibrary">
<var>${link_text}</var>
<arg>xpath:(//a)[${i}]</arg>
<doc>Returns the text value of the element identified by ``locator``.</doc>
<msg timestamp="20230725 06:12:49.400" level="INFO">${link_text} = Zambia</msg>
<status status="PASS" starttime="20230725 06:12:49.376" endtime="20230725 06:12:49.400"/>
</kw>
<kw name="Log To Console" library="BuiltIn">
<arg>${link_text}</arg>
<doc>Logs the given message to the console.</doc>
<status status="PASS" starttime="20230725 06:12:49.400" endtime="20230725 06:12:49.401"/>
</kw>
<status status="PASS" starttime="20230725 06:12:49.375" endtime="20230725 06:12:49.401"/>
</iter>
<iter>
<var name="${i}">309</var>
<kw name="Get Text" library="SeleniumLibrary">
<var>${link_text}</var>
<arg>xpath:(//a)[${i}]</arg>
<doc>Returns the text value of the element identified by ``locator``.</doc>
<msg timestamp="20230725 06:12:49.458" level="INFO">${link_text} = Zimbabwe</msg>
<status status="PASS" starttime="20230725 06:12:49.401" endtime="20230725 06:12:49.458"/>
</kw>
<kw name="Log To Console" library="BuiltIn">
<arg>${link_text}</arg>
<doc>Logs the given message to the console.</doc>
<status status="PASS" starttime="20230725 06:12:49.458" endtime="20230725 06:12:49.459"/>
</kw>
<status status="PASS" starttime="20230725 06:12:49.401" endtime="20230725 06:12:49.459"/>
</iter>
<iter>
<var name="${i}">310</var>
<kw name="Get Text" library="SeleniumLibrary">
<var>${link_text}</var>
<arg>xpath:(//a)[${i}]</arg>
<doc>Returns the text value of the element identified by ``locator``.</doc>
<msg timestamp="20230725 06:12:49.490" level="INFO">${link_text} = Country Names in Arabic</msg>
<status status="PASS" starttime="20230725 06:12:49.459" endtime="20230725 06:12:49.490"/>
</kw>
<kw name="Log To Console" library="BuiltIn">
<arg>${link_text}</arg>
<doc>Logs the given message to the console.</doc>
<status status="PASS" starttime="20230725 06:12:49.490" endtime="20230725 06:12:49.491"/>
</kw>
<status status="PASS" starttime="20230725 06:12:49.459" endtime="20230725 06:12:49.491"/>
</iter>
<iter>
<var name="${i}">311</var>
<kw name="Get Text" library="SeleniumLibrary">
<var>${link_text}</var>
<arg>xpath:(//a)[${i}]</arg>
<doc>Returns the text value of the element identified by ``locator``.</doc>
<msg timestamp="20230725 06:12:49.517" level="INFO">${link_text} = Country Names in Chinese</msg>
<status status="PASS" starttime="20230725 06:12:49.491" endtime="20230725 06:12:49.517"/>
</kw>
<kw name="Log To Console" library="BuiltIn">
<arg>${link_text}</arg>
<doc>Logs the given message to the console.</doc>
<status status="PASS" starttime="20230725 06:12:49.517" endtime="20230725 06:12:49.518"/>
</kw>
<status status="PASS" starttime="20230725 06:12:49.491" endtime="20230725 06:12:49.518"/>
</iter>
<iter>
<var name="${i}">312</var>
<kw name="Get Text" library="SeleniumLibrary">
<var>${link_text}</var>
<arg>xpath:(//a)[${i}]</arg>
<doc>Returns the text value of the element identified by ``locator``.</doc>
<msg timestamp="20230725 06:12:49.543" level="INFO">${link_text} = Country Names in German</msg>
<status status="PASS" starttime="20230725 06:12:49.518" endtime="20230725 06:12:49.543"/>
</kw>
<kw name="Log To Console" library="BuiltIn">
<arg>${link_text}</arg>
<doc>Logs the given message to the console.</doc>
<status status="PASS" starttime="20230725 06:12:49.543" endtime="20230725 06:12:49.545"/>
</kw>
<status status="PASS" starttime="20230725 06:12:49.518" endtime="20230725 06:12:49.545"/>
</iter>
<iter>
<var name="${i}">313</var>
<kw name="Get Text" library="SeleniumLibrary">
<var>${link_text}</var>
<arg>xpath:(//a)[${i}]</arg>
<doc>Returns the text value of the element identified by ``locator``.</doc>
<msg timestamp="20230725 06:12:49.571" level="INFO">${link_text} = Country Names in Italian</msg>
<status status="PASS" starttime="20230725 06:12:49.545" endtime="20230725 06:12:49.571"/>
</kw>
<kw name="Log To Console" library="BuiltIn">
<arg>${link_text}</arg>
<doc>Logs the given message to the console.</doc>
<status status="PASS" starttime="20230725 06:12:49.571" endtime="20230725 06:12:49.571"/>
</kw>
<status status="PASS" starttime="20230725 06:12:49.545" endtime="20230725 06:12:49.571"/>
</iter>
<iter>
<var name="${i}">314</var>
<kw name="Get Text" library="SeleniumLibrary">
<var>${link_text}</var>
<arg>xpath:(//a)[${i}]</arg>
<doc>Returns the text value of the element identified by ``locator``.</doc>
<msg timestamp="20230725 06:12:49.597" level="INFO">${link_text} = Country Names in Russian</msg>
<status status="PASS" starttime="20230725 06:12:49.572" endtime="20230725 06:12:49.597"/>
</kw>
<kw name="Log To Console" library="BuiltIn">
<arg>${link_text}</arg>
<doc>Logs the given message to the console.</doc>
<status status="PASS" starttime="20230725 06:12:49.597" endtime="20230725 06:12:49.598"/>
</kw>
<status status="PASS" starttime="20230725 06:12:49.572" endtime="20230725 06:12:49.598"/>
</iter>
<iter>
<var name="${i}">315</var>
<kw name="Get Text" library="SeleniumLibrary">
<var>${link_text}</var>
<arg>xpath:(//a)[${i}]</arg>
<doc>Returns the text value of the element identified by ``locator``.</doc>
<msg timestamp="20230725 06:12:49.624" level="INFO">${link_text} = Country Names in Spanish</msg>
<status status="PASS" starttime="20230725 06:12:49.598" endtime="20230725 06:12:49.624"/>
</kw>
<kw name="Log To Console" library="BuiltIn">
<arg>${link_text}</arg>
<doc>Logs the given message to the console.</doc>
<status status="PASS" starttime="20230725 06:12:49.624" endtime="20230725 06:12:49.625"/>
</kw>
<status status="PASS" starttime="20230725 06:12:49.598" endtime="20230725 06:12:49.625"/>
</iter>
<iter>
<var name="${i}">316</var>
<kw name="Get Text" library="SeleniumLibrary">
<var>${link_text}</var>
<arg>xpath:(//a)[${i}]</arg>
<doc>Returns the text value of the element identified by ``locator``.</doc>
<msg timestamp="20230725 06:12:49.650" level="INFO">${link_text} = Flags of the Nations of the World</msg>
<status status="PASS" starttime="20230725 06:12:49.625" endtime="20230725 06:12:49.650"/>
</kw>
<kw name="Log To Console" library="BuiltIn">
<arg>${link_text}</arg>
<doc>Logs the given message to the console.</doc>
<status status="PASS" starttime="20230725 06:12:49.651" endtime="20230725 06:12:49.651"/>
</kw>
<status status="PASS" starttime="20230725 06:12:49.625" endtime="20230725 06:12:49.651"/>
</iter>
<iter>
<var name="${i}">317</var>
<kw name="Get Text" library="SeleniumLibrary">
<var>${link_text}</var>
<arg>xpath:(//a)[${i}]</arg>
<doc>Returns the text value of the element identified by ``locator``.</doc>
<msg timestamp="20230725 06:12:49.676" level="INFO">${link_text} = Languages of the World</msg>
<status status="PASS" starttime="20230725 06:12:49.652" endtime="20230725 06:12:49.676"/>
</kw>
<kw name="Log To Console" library="BuiltIn">
<arg>${link_text}</arg>
<doc>Logs the given message to the console.</doc>
<status status="PASS" starttime="20230725 06:12:49.676" endtime="20230725 06:12:49.677"/>
</kw>
<status status="PASS" starttime="20230725 06:12:49.651" endtime="20230725 06:12:49.677"/>
</iter>
<iter>
<var name="${i}">318</var>
<kw name="Get Text" library="SeleniumLibrary">
<var>${link_text}</var>
<arg>xpath:(//a)[${i}]</arg>
<doc>Returns the text value of the element identified by ``locator``.</doc>
<msg timestamp="20230725 06:12:49.702" level="INFO">${link_text} = World Population by Continents and Countries</msg>
<status status="PASS" starttime="20230725 06:12:49.677" endtime="20230725 06:12:49.702"/>
</kw>
<kw name="Log To Console" library="BuiltIn">
<arg>${link_text}</arg>
<doc>Logs the given message to the console.</doc>
<status status="PASS" starttime="20230725 06:12:49.703" endtime="20230725 06:12:49.703"/>
</kw>
<status status="PASS" starttime="20230725 06:12:49.677" endtime="20230725 06:12:49.703"/>
</iter>
<iter>
<var name="${i}">319</var>
<kw name="Get Text" library="SeleniumLibrary">
<var>${link_text}</var>
<arg>xpath:(//a)[${i}]</arg>
<doc>Returns the text value of the element identified by ``locator``.</doc>
<msg timestamp="20230725 06:12:49.728" level="INFO">${link_text} = Population by Countries</msg>
<status status="PASS" starttime="20230725 06:12:49.704" endtime="20230725 06:12:49.728"/>
</kw>
<kw name="Log To Console" library="BuiltIn">
<arg>${link_text}</arg>
<doc>Logs the given message to the console.</doc>
<status status="PASS" starttime="20230725 06:12:49.728" endtime="20230725 06:12:49.729"/>
</kw>
<status status="PASS" starttime="20230725 06:12:49.704" endtime="20230725 06:12:49.729"/>
</iter>
<iter>
<var name="${i}">320</var>
<kw name="Get Text" library="SeleniumLibrary">
<var>${link_text}</var>
<arg>xpath:(//a)[${i}]</arg>
<doc>Returns the text value of the element identified by ``locator``.</doc>
<msg timestamp="20230725 06:12:49.754" level="INFO">${link_text} = The Independent States of the World</msg>
<status status="PASS" starttime="20230725 06:12:49.729" endtime="20230725 06:12:49.754"/>
</kw>
<kw name="Log To Console" library="BuiltIn">
<arg>${link_text}</arg>
<doc>Logs the given message to the console.</doc>
<status status="PASS" starttime="20230725 06:12:49.754" endtime="20230725 06:12:49.755"/>
</kw>
<status status="PASS" starttime="20230725 06:12:49.729" endtime="20230725 06:12:49.755"/>
</iter>
<iter>
<var name="${i}">321</var>
<kw name="Get Text" library="SeleniumLibrary">
<var>${link_text}</var>
<arg>xpath:(//a)[${i}]</arg>
<doc>Returns the text value of the element identified by ``locator``.</doc>
<msg timestamp="20230725 06:12:49.780" level="INFO">${link_text} = Countries of the World by Area</msg>
<status status="PASS" starttime="20230725 06:12:49.755" endtime="20230725 06:12:49.780"/>
</kw>
<kw name="Log To Console" library="BuiltIn">
<arg>${link_text}</arg>
<doc>Logs the given message to the console.</doc>
<status status="PASS" starttime="20230725 06:12:49.780" endtime="20230725 06:12:49.781"/>
</kw>
<status status="PASS" starttime="20230725 06:12:49.755" endtime="20230725 06:12:49.781"/>
</iter>
<iter>
<var name="${i}">322</var>
<kw name="Get Text" library="SeleniumLibrary">
<var>${link_text}</var>
<arg>xpath:(//a)[${i}]</arg>
<doc>Returns the text value of the element identified by ``locator``.</doc>
<msg timestamp="20230725 06:12:49.807" level="INFO">${link_text} = Island Countries</msg>
<status status="PASS" starttime="20230725 06:12:49.781" endtime="20230725 06:12:49.807"/>
</kw>
<kw name="Log To Console" library="BuiltIn">
<arg>${link_text}</arg>
<doc>Logs the given message to the console.</doc>
<status status="PASS" starttime="20230725 06:12:49.807" endtime="20230725 06:12:49.807"/>
</kw>
<status status="PASS" starttime="20230725 06:12:49.781" endtime="20230725 06:12:49.808"/>
</iter>
<iter>
<var name="${i}">323</var>
<kw name="Get Text" library="SeleniumLibrary">
<var>${link_text}</var>
<arg>xpath:(//a)[${i}]</arg>
<doc>Returns the text value of the element identified by ``locator``.</doc>
<msg timestamp="20230725 06:12:49.832" level="INFO">${link_text} = World and Country Maps</msg>
<status status="PASS" starttime="20230725 06:12:49.808" endtime="20230725 06:12:49.832"/>
</kw>
<kw name="Log To Console" library="BuiltIn">
<arg>${link_text}</arg>
<doc>Logs the given message to the console.</doc>
<status status="PASS" starttime="20230725 06:12:49.832" endtime="20230725 06:12:49.833"/>
</kw>
<status status="PASS" starttime="20230725 06:12:49.808" endtime="20230725 06:12:49.833"/>
</iter>
<iter>
<var name="${i}">324</var>
<kw name="Get Text" library="SeleniumLibrary">
<var>${link_text}</var>
<arg>xpath:(//a)[${i}]</arg>
<doc>Returns the text value of the element identified by ``locator``.</doc>
<msg timestamp="20230725 06:12:49.856" level="INFO">${link_text} = The Global Village, Earth as a village of 100 people</msg>
<status status="PASS" starttime="20230725 06:12:49.833" endtime="20230725 06:12:49.856"/>
</kw>
<kw name="Log To Console" library="BuiltIn">
<arg>${link_text}</arg>
<doc>Logs the given message to the console.</doc>
<status status="PASS" starttime="20230725 06:12:49.856" endtime="20230725 06:12:49.857"/>
</kw>
<status status="PASS" starttime="20230725 06:12:49.833" endtime="20230725 06:12:49.857"/>
</iter>
<iter>
<var name="${i}">325</var>
<kw name="Get Text" library="SeleniumLibrary">
<var>${link_text}</var>
<arg>xpath:(//a)[${i}]</arg>
<doc>Returns the text value of the element identified by ``locator``.</doc>
<msg timestamp="20230725 06:12:49.880" level="INFO">${link_text} = Africa</msg>
<status status="PASS" starttime="20230725 06:12:49.857" endtime="20230725 06:12:49.880"/>
</kw>
<kw name="Log To Console" library="BuiltIn">
<arg>${link_text}</arg>
<doc>Logs the given message to the console.</doc>
<status status="PASS" starttime="20230725 06:12:49.881" endtime="20230725 06:12:49.881"/>
</kw>
<status status="PASS" starttime="20230725 06:12:49.857" endtime="20230725 06:12:49.881"/>
</iter>
<iter>
<var name="${i}">326</var>
<kw name="Get Text" library="SeleniumLibrary">
<var>${link_text}</var>
<arg>xpath:(//a)[${i}]</arg>
<doc>Returns the text value of the element identified by ``locator``.</doc>
<msg timestamp="20230725 06:12:49.906" level="INFO">${link_text} = Asia</msg>
<status status="PASS" starttime="20230725 06:12:49.881" endtime="20230725 06:12:49.906"/>
</kw>
<kw name="Log To Console" library="BuiltIn">
<arg>${link_text}</arg>
<doc>Logs the given message to the console.</doc>
<status status="PASS" starttime="20230725 06:12:49.906" endtime="20230725 06:12:49.906"/>
</kw>
<status status="PASS" starttime="20230725 06:12:49.881" endtime="20230725 06:12:49.906"/>
</iter>
<iter>
<var name="${i}">327</var>
<kw name="Get Text" library="SeleniumLibrary">
<var>${link_text}</var>
<arg>xpath:(//a)[${i}]</arg>
<doc>Returns the text value of the element identified by ``locator``.</doc>
<msg timestamp="20230725 06:12:49.932" level="INFO">${link_text} = Australia-Oceania</msg>
<status status="PASS" starttime="20230725 06:12:49.907" endtime="20230725 06:12:49.932"/>
</kw>
<kw name="Log To Console" library="BuiltIn">
<arg>${link_text}</arg>
<doc>Logs the given message to the console.</doc>
<status status="PASS" starttime="20230725 06:12:49.932" endtime="20230725 06:12:49.933"/>
</kw>
<status status="PASS" starttime="20230725 06:12:49.907" endtime="20230725 06:12:49.933"/>
</iter>
<iter>
<var name="${i}">328</var>
<kw name="Get Text" library="SeleniumLibrary">
<var>${link_text}</var>
<arg>xpath:(//a)[${i}]</arg>
<doc>Returns the text value of the element identified by ``locator``.</doc>
<msg timestamp="20230725 06:12:49.957" level="INFO">${link_text} = The Americas</msg>
<status status="PASS" starttime="20230725 06:12:49.933" endtime="20230725 06:12:49.957"/>
</kw>
<kw name="Log To Console" library="BuiltIn">
<arg>${link_text}</arg>
<doc>Logs the given message to the console.</doc>
<status status="PASS" starttime="20230725 06:12:49.957" endtime="20230725 06:12:49.958"/>
</kw>
<status status="PASS" starttime="20230725 06:12:49.933" endtime="20230725 06:12:49.958"/>
</iter>
<iter>
<var name="${i}">329</var>
<kw name="Get Text" library="SeleniumLibrary">
<var>${link_text}</var>
<arg>xpath:(//a)[${i}]</arg>
<doc>Returns the text value of the element identified by ``locator``.</doc>
<msg timestamp="20230725 06:12:49.981" level="INFO">${link_text} = Europe</msg>
<status status="PASS" starttime="20230725 06:12:49.958" endtime="20230725 06:12:49.981"/>
</kw>
<kw name="Log To Console" library="BuiltIn">
<arg>${link_text}</arg>
<doc>Logs the given message to the console.</doc>
<status status="PASS" starttime="20230725 06:12:49.981" endtime="20230725 06:12:49.982"/>
</kw>
<status status="PASS" starttime="20230725 06:12:49.958" endtime="20230725 06:12:49.982"/>
</iter>
<iter>
<var name="${i}">330</var>
<kw name="Get Text" library="SeleniumLibrary">
<var>${link_text}</var>
<arg>xpath:(//a)[${i}]</arg>
<doc>Returns the text value of the element identified by ``locator``.</doc>
<msg timestamp="20230725 06:12:50.006" level="INFO">${link_text} = Site Map</msg>
<status status="PASS" starttime="20230725 06:12:49.982" endtime="20230725 06:12:50.006"/>
</kw>
<kw name="Log To Console" library="BuiltIn">
<arg>${link_text}</arg>
<doc>Logs the given message to the console.</doc>
<status status="PASS" starttime="20230725 06:12:50.006" endtime="20230725 06:12:50.007"/>
</kw>
<status status="PASS" starttime="20230725 06:12:49.982" endtime="20230725 06:12:50.007"/>
</iter>
<iter>
<var name="${i}">331</var>
<kw name="Get Text" library="SeleniumLibrary">
<var>${link_text}</var>
<arg>xpath:(//a)[${i}]</arg>
<doc>Returns the text value of the element identified by ``locator``.</doc>
<msg timestamp="20230725 06:12:50.031" level="INFO">${link_text} = Information Sources</msg>
<status status="PASS" starttime="20230725 06:12:50.007" endtime="20230725 06:12:50.031"/>
</kw>
<kw name="Log To Console" library="BuiltIn">
<arg>${link_text}</arg>
<doc>Logs the given message to the console.</doc>
<status status="PASS" starttime="20230725 06:12:50.031" endtime="20230725 06:12:50.032"/>
</kw>
<status status="PASS" starttime="20230725 06:12:50.007" endtime="20230725 06:12:50.032"/>
</iter>
<status status="PASS" starttime="20230725 06:12:41.738" endtime="20230725 06:12:50.032"/>
</for>
<status status="PASS" starttime="20230725 06:12:39.189" endtime="20230725 06:12:50.032"/>
</test>
<status status="PASS" starttime="20230725 06:12:38.878" endtime="20230725 06:12:50.034"/>
</suite>
<statistics>
<total>
<stat pass="1" fail="0" skip="0">All Tests</stat>
</total>
<tag>
</tag>
<suite>
<stat pass="1" fail="0" skip="0" id="s1" name="10 Get-All-Links">10 Get-All-Links</stat>
</suite>
</statistics>
<errors>
</errors>
</robot>
